-------------------------------- Extract frappe --------------------------------
Resources: 0/1 (0.0%) | Time: 0.00s | Rate: 0.00/s

-------------------------------- Extract frappe --------------------------------
Resources: 0/1 (0.0%) | Time: 0.38s | Rate: 0.00/s
call_logs: 1  | Time: 0.00s | Rate: 246723.76/s

-------------------------------- Extract frappe --------------------------------
Resources: 1/1 (100.0%) | Time: 1.23s | Rate: 0.81/s
call_logs: 5139  | Time: 0.84s | Rate: 6091.50/s

-------------------------------- Extract frappe --------------------------------
Resources: 0/1 (0.0%) | Time: 0.00s | Rate: 0.00/s

-------------------------------- Extract frappe --------------------------------
Resources: 0/1 (0.0%) | Time: 0.00s | Rate: 0.00/s
_dlt_pipeline_state: 1  | Time: 0.00s | Rate: 322638.77/s

-------------------------------- Extract frappe --------------------------------
Resources: 1/1 (100.0%) | Time: 0.02s | Rate: 61.62/s
_dlt_pipeline_state: 1  | Time: 0.01s | Rate: 70.02/s

-------------------- Normalize frappe in 1778054047.0887969 --------------------
Files: 0/2 (0.0%) | Time: 0.00s | Rate: 0.00/s

-------------------- Normalize frappe in 1778054047.0887969 --------------------
Files: 0/2 (0.0%) | Time: 0.01s | Rate: 0.00/s
_dlt_pipeline_state: 0  | Time: 0.00s | Rate: 0.00/s

-------------------- Normalize frappe in 1778054047.0887969 --------------------
Files: 1/2 (50.0%) | Time: 0.01s | Rate: 101.40/s
_dlt_pipeline_state: 1  | Time: 0.00s | Rate: 431.96/s
call_logs: 0  | Time: 0.00s | Rate: 0.00/s

-------------------- Normalize frappe in 1778054047.0887969 --------------------
Files: 2/2 (100.0%) | Time: 0.57s | Rate: 3.51/s
_dlt_pipeline_state: 1  | Time: 0.56s | Rate: 1.78/s
call_logs: 5139  | Time: 0.56s | Rate: 9176.78/s

---------------------- Load frappe in 1778054047.0887969 -----------------------
Jobs: 0/2 (0.0%) | Time: 0.00s | Rate: 0.00/s

---------------------- Load frappe in 1778054047.0887969 -----------------------
Jobs: 0/2 (0.0%) | Time: 1.07s | Rate: 0.00/s

---------------------- Load frappe in 1778054047.0887969 -----------------------
Jobs: 3/3 (100.0%) | Time: 2.10s | Rate: 1.43/s

-------------------------------- Extract frappe --------------------------------
Resources: 0/1 (0.0%) | Time: 0.00s | Rate: 0.00/s

-------------------------------- Extract frappe --------------------------------
Resources: 0/1 (0.0%) | Time: 0.40s | Rate: 0.00/s
communications: 1  | Time: 0.00s | Rate: 322638.77/s

-------------------------------- Extract frappe --------------------------------
Resources: 1/1 (100.0%) | Time: 0.45s | Rate: 2.21/s
communications: 775  | Time: 0.05s | Rate: 16109.23/s

-------------------------------- Extract frappe --------------------------------
Resources: 0/1 (0.0%) | Time: 0.00s | Rate: 0.00/s

-------------------------------- Extract frappe --------------------------------
Resources: 0/1 (0.0%) | Time: 0.00s | Rate: 0.00/s
_dlt_pipeline_state: 1  | Time: 0.00s | Rate: 524288.00/s

-------------------------------- Extract frappe --------------------------------
Resources: 1/1 (100.0%) | Time: 0.02s | Rate: 65.07/s
_dlt_pipeline_state: 1  | Time: 0.01s | Rate: 72.84/s

-------------------- Normalize frappe in 1778054051.476355 ---------------------
Files: 0/2 (0.0%) | Time: 0.00s | Rate: 0.00/s

-------------------- Normalize frappe in 1778054051.476355 ---------------------
Files: 0/2 (0.0%) | Time: 0.01s | Rate: 0.00/s
communications: 0  | Time: 0.00s | Rate: 0.00/s

-------------------- Normalize frappe in 1778054051.476355 ---------------------
Files: 1/2 (50.0%) | Time: 0.07s | Rate: 14.25/s
communications: 775  | Time: 0.06s | Rate: 12223.92/s
_dlt_pipeline_state: 0  | Time: 0.00s | Rate: 0.00/s

-------------------- Normalize frappe in 1778054051.476355 ---------------------
Files: 2/2 (100.0%) | Time: 0.11s | Rate: 18.17/s
communications: 775  | Time: 0.10s | Rate: 7504.30/s
_dlt_pipeline_state: 1  | Time: 0.04s | Rate: 25.08/s

----------------------- Load frappe in 1778054051.476355 -----------------------
Jobs: 0/2 (0.0%) | Time: 0.00s | Rate: 0.00/s

----------------------- Load frappe in 1778054051.476355 -----------------------
Jobs: 0/2 (0.0%) | Time: 1.06s | Rate: 0.00/s

----------------------- Load frappe in 1778054051.476355 -----------------------
Jobs: 3/3 (100.0%) | Time: 1.74s | Rate: 1.72/s

