[32m2026-05-06 14:54:05 +0700[0m - dagster - [34mDEBUG[0m - ingestion__frappe__erpnext__communications_call_logs_batch__job - 3e7cdd75-8bd5-4f77-a48e-4aabcf631ead - 69442 - LOGS_CAPTURED - Started capturing logs in process (pid: 69442).
[32m2026-05-06 14:54:05 +0700[0m - dagster - [34mDEBUG[0m - ingestion__frappe__erpnext__communications_call_logs_batch__job - 3e7cdd75-8bd5-4f77-a48e-4aabcf631ead - 69442 - frappe_dlt_assets - STEP_START - Started execution of step "frappe_dlt_assets".
[32m2026-05-06 14:54:06 +0700[0m - dagster - [34mINFO[0m - ingestion__frappe__erpnext__communications_call_logs_batch__job - 3e7cdd75-8bd5-4f77-a48e-4aabcf631ead - frappe_dlt_assets - Running Frappe resource=call_logs with start_date=2024-04-20 end_date=None full_refresh=True pipeline_name=frappe_erpnext_call_logs
/Users/nam/Data/Jemmia/data-platform/.venv/lib/python3.10/site-packages/dlt/pipeline/progress.py:27: UserWarning: psutil dependency is not installed and memory stats will not be available. Add psutil to your environment or pass dump_system_stats=False to disable this warning.
  return log()
2026-05-06 14:54:08,983|[WARNING]|69442|8107187264|dlt|validate.py|verify_normalized_table:113|In schema `frappe`: The following columns in table 'call_logs' did not receive any data during this load and therefore could not have their types inferred:
  - _assign
  - _comments
  - _liked_by
  - _user_tags
  - call_received_by
  - customer
  - employee_user_id
  - medium
  - type_of_call

Unless type hints are provided, these columns will not be materialized in the destination.
One way to provide type hints is to use the 'columns' argument in the '@dlt.resource' decorator.  For example:

@dlt.resource(columns={'_assign': {'data_type': 'text'}})

[32m2026-05-06 14:54:11 +0700[0m - dagster - [34mDEBUG[0m - ingestion__frappe__erpnext__communications_call_logs_batch__job - 3e7cdd75-8bd5-4f77-a48e-4aabcf631ead - 69442 - frappe_dlt_assets - STEP_OUTPUT - Yielded output "ingestion__frappe__erpnext__call_logs" of type "Nothing". (Type check passed).
[32m2026-05-06 14:54:11 +0700[0m - dagster - [34mDEBUG[0m - ingestion__frappe__erpnext__communications_call_logs_batch__job - 3e7cdd75-8bd5-4f77-a48e-4aabcf631ead - 69442 - frappe_dlt_assets - ASSET_MATERIALIZATION - Materialized value ingestion frappe erpnext call_logs.
[32m2026-05-06 14:54:11 +0700[0m - dagster - [34mINFO[0m - ingestion__frappe__erpnext__communications_call_logs_batch__job - 3e7cdd75-8bd5-4f77-a48e-4aabcf631ead - frappe_dlt_assets - Running Frappe resource=communications with start_date=2024-04-20 end_date=None full_refresh=True pipeline_name=frappe_erpnext_communications
/Users/nam/Data/Jemmia/data-platform/.venv/lib/python3.10/site-packages/dlt/pipeline/progress.py:27: UserWarning: psutil dependency is not installed and memory stats will not be available. Add psutil to your environment or pass dump_system_stats=False to disable this warning.
  return log()
2026-05-06 14:54:12,138|[WARNING]|69442|8107187264|dlt|validate.py|verify_normalized_table:113|In schema `frappe`: The following columns in table 'communications' did not receive any data during this load and therefore could not have their types inferred:
  - _assign
  - _comments
  - _liked_by
  - _user_tags
  - bcc
  - cc
  - email_template
  - feedback_request
  - imap_folder
  - in_reply_to
  - phone_no
  - send_after
  - text_content

Unless type hints are provided, these columns will not be materialized in the destination.
One way to provide type hints is to use the 'columns' argument in the '@dlt.resource' decorator.  For example:

@dlt.resource(columns={'_assign': {'data_type': 'text'}})

[32m2026-05-06 14:54:14 +0700[0m - dagster - [34mDEBUG[0m - ingestion__frappe__erpnext__communications_call_logs_batch__job - 3e7cdd75-8bd5-4f77-a48e-4aabcf631ead - 69442 - frappe_dlt_assets - STEP_OUTPUT - Yielded output "ingestion__frappe__erpnext__communications" of type "Nothing". (Type check passed).
[32m2026-05-06 14:54:14 +0700[0m - dagster - [34mDEBUG[0m - ingestion__frappe__erpnext__communications_call_logs_batch__job - 3e7cdd75-8bd5-4f77-a48e-4aabcf631ead - 69442 - frappe_dlt_assets - ASSET_MATERIALIZATION - Materialized value ingestion frappe erpnext communications.
[32m2026-05-06 14:54:14 +0700[0m - dagster - [34mDEBUG[0m - ingestion__frappe__erpnext__communications_call_logs_batch__job - 3e7cdd75-8bd5-4f77-a48e-4aabcf631ead - 69442 - frappe_dlt_assets - STEP_SUCCESS - Finished execution of step "frappe_dlt_assets" in 8.76s.
