[32m2026-05-06 11:57:02 +0700[0m - dagster - [34mDEBUG[0m - ingestion__frappe__erpnext__leads__job - f0346d56-6587-49cd-b93e-19bafe018645 - 41452 - LOGS_CAPTURED - Started capturing logs in process (pid: 41452).
[32m2026-05-06 11:57:02 +0700[0m - dagster - [34mDEBUG[0m - ingestion__frappe__erpnext__leads__job - f0346d56-6587-49cd-b93e-19bafe018645 - 41452 - frappe_dlt_assets - STEP_START - Started execution of step "frappe_dlt_assets".
[32m2026-05-06 11:57:02 +0700[0m - dagster - [34mINFO[0m - ingestion__frappe__erpnext__leads__job - f0346d56-6587-49cd-b93e-19bafe018645 - frappe_dlt_assets - Running Frappe resource=leads with start_date=2024-04-20 end_date=None full_refresh=True pipeline_name=frappe_erpnext_leads
/Users/nam/Data/Jemmia/data-platform/.venv/lib/python3.10/site-packages/dlt/pipeline/progress.py:27: UserWarning: psutil dependency is not installed and memory stats will not be available. Add psutil to your environment or pass dump_system_stats=False to disable this warning.
  return log()
2026-05-06 12:02:42,395|[WARNING]|41452|8107187264|dlt|validate.py|verify_normalized_table:113|In schema `frappe`: The following columns in table 'leads' did not receive any data during this load and therefore could not have their types inferred:
  - account_number
  - bank_branch
  - bank_district
  - bank_name
  - bank_province
  - bank_ward
  - campaign_name
  - ceo_name
  - check_duplicate
  - city
  - company_name
  - customer
  - date_of_issuance
  - demand_notes
  - fax
  - first_channel
  - industry
  - job_title
  - last_name
  - market_segment
  - middle_name
  - personal_id
  - personal_tax_id
  - phone_ext
  - propose_lead_budget
  - state
  - stringee_data
  - tax_number
  - territory
  - utm_campaign
  - utm_content
  - utm_medium
  - utm_source
  - website
  - website_from_data
  - whatsapp_no
  - workflow_state

Unless type hints are provided, these columns will not be materialized in the destination.
One way to provide type hints is to use the 'columns' argument in the '@dlt.resource' decorator.  For example:

@dlt.resource(columns={'account_number': {'data_type': 'text'}})

[32m2026-05-06 12:03:38 +0700[0m - dagster - [34mDEBUG[0m - ingestion__frappe__erpnext__leads__job - f0346d56-6587-49cd-b93e-19bafe018645 - 41452 - frappe_dlt_assets - STEP_OUTPUT - Yielded output "ingestion__frappe__erpnext__leads" of type "Nothing". (Type check passed).
[32m2026-05-06 12:03:38 +0700[0m - dagster - [34mDEBUG[0m - ingestion__frappe__erpnext__leads__job - f0346d56-6587-49cd-b93e-19bafe018645 - 41452 - frappe_dlt_assets - ASSET_MATERIALIZATION - Materialized value ingestion frappe erpnext leads.
[32m2026-05-06 12:03:38 +0700[0m - dagster - [34mDEBUG[0m - ingestion__frappe__erpnext__leads__job - f0346d56-6587-49cd-b93e-19bafe018645 - 41452 - frappe_dlt_assets - STEP_SUCCESS - Finished execution of step "frappe_dlt_assets" in 6m36s.
