[32m2026-05-06 14:55:44 +0700[0m - dagster - [34mDEBUG[0m - ingestion__frappe__erpnext__master_data_batch__job - 8c5b5397-0041-4ea2-9d95-59e3f0970688 - 75280 - LOGS_CAPTURED - Started capturing logs in process (pid: 75280).
[32m2026-05-06 14:55:44 +0700[0m - dagster - [34mDEBUG[0m - ingestion__frappe__erpnext__master_data_batch__job - 8c5b5397-0041-4ea2-9d95-59e3f0970688 - 75280 - frappe_dlt_assets - STEP_START - Started execution of step "frappe_dlt_assets".
[32m2026-05-06 14:55:45 +0700[0m - dagster - [34mINFO[0m - ingestion__frappe__erpnext__master_data_batch__job - 8c5b5397-0041-4ea2-9d95-59e3f0970688 - frappe_dlt_assets - Running Frappe resource=accounts with start_date=2024-04-20 end_date=None full_refresh=True pipeline_name=frappe_erpnext_accounts
/Users/nam/Data/Jemmia/data-platform/.venv/lib/python3.10/site-packages/dlt/pipeline/progress.py:27: UserWarning: psutil dependency is not installed and memory stats will not be available. Add psutil to your environment or pass dump_system_stats=False to disable this warning.
  return log()
2026-05-06 14:55:47,571|[WARNING]|75280|8107187264|dlt|validate.py|verify_normalized_table:113|In schema `frappe`: The following columns in table 'accounts' did not receive any data during this load and therefore could not have their types inferred:
  - _assign
  - _liked_by
  - _user_tags

Unless type hints are provided, these columns will not be materialized in the destination.
One way to provide type hints is to use the 'columns' argument in the '@dlt.resource' decorator.  For example:

@dlt.resource(columns={'_assign': {'data_type': 'text'}})

[32m2026-05-06 14:55:53 +0700[0m - dagster - [34mDEBUG[0m - ingestion__frappe__erpnext__master_data_batch__job - 8c5b5397-0041-4ea2-9d95-59e3f0970688 - 75280 - frappe_dlt_assets - STEP_OUTPUT - Yielded output "ingestion__frappe__erpnext__accounts" of type "Nothing". (Type check passed).
[32m2026-05-06 14:55:53 +0700[0m - dagster - [34mDEBUG[0m - ingestion__frappe__erpnext__master_data_batch__job - 8c5b5397-0041-4ea2-9d95-59e3f0970688 - 75280 - frappe_dlt_assets - ASSET_MATERIALIZATION - Materialized value ingestion frappe erpnext accounts.
[32m2026-05-06 14:55:53 +0700[0m - dagster - [34mINFO[0m - ingestion__frappe__erpnext__master_data_batch__job - 8c5b5397-0041-4ea2-9d95-59e3f0970688 - frappe_dlt_assets - Running Frappe resource=bank_accounts with start_date=2024-04-20 end_date=None full_refresh=True pipeline_name=frappe_erpnext_bank_accounts
/Users/nam/Data/Jemmia/data-platform/.venv/lib/python3.10/site-packages/dlt/pipeline/progress.py:27: UserWarning: psutil dependency is not installed and memory stats will not be available. Add psutil to your environment or pass dump_system_stats=False to disable this warning.
  return log()
2026-05-06 14:55:55,151|[WARNING]|75280|8107187264|dlt|validate.py|verify_normalized_table:113|In schema `frappe`: The following columns in table 'bank_accounts' did not receive any data during this load and therefore could not have their types inferred:
  - _assign
  - _comments
  - _liked_by
  - _user_tags
  - account_subtype
  - branch_code
  - iban
  - integration_id
  - last_integration_date
  - mask
  - party
  - party_type

Unless type hints are provided, these columns will not be materialized in the destination.
One way to provide type hints is to use the 'columns' argument in the '@dlt.resource' decorator.  For example:

@dlt.resource(columns={'_assign': {'data_type': 'text'}})

[32m2026-05-06 14:55:58 +0700[0m - dagster - [34mDEBUG[0m - ingestion__frappe__erpnext__master_data_batch__job - 8c5b5397-0041-4ea2-9d95-59e3f0970688 - 75280 - frappe_dlt_assets - STEP_OUTPUT - Yielded output "ingestion__frappe__erpnext__bank_accounts" of type "Nothing". (Type check passed).
[32m2026-05-06 14:55:58 +0700[0m - dagster - [34mDEBUG[0m - ingestion__frappe__erpnext__master_data_batch__job - 8c5b5397-0041-4ea2-9d95-59e3f0970688 - 75280 - frappe_dlt_assets - ASSET_MATERIALIZATION - Materialized value ingestion frappe erpnext bank_accounts.
[32m2026-05-06 14:55:58 +0700[0m - dagster - [34mINFO[0m - ingestion__frappe__erpnext__master_data_batch__job - 8c5b5397-0041-4ea2-9d95-59e3f0970688 - frappe_dlt_assets - Running Frappe resource=employees with start_date=2024-04-20 end_date=None full_refresh=True pipeline_name=frappe_erpnext_employees
/Users/nam/Data/Jemmia/data-platform/.venv/lib/python3.10/site-packages/dlt/pipeline/progress.py:27: UserWarning: psutil dependency is not installed and memory stats will not be available. Add psutil to your environment or pass dump_system_stats=False to disable this warning.
  return log()
2026-05-06 14:55:59,129|[WARNING]|75280|8107187264|dlt|validate.py|verify_normalized_table:113|In schema `frappe`: The following columns in table 'employees' did not receive any data during this load and therefore could not have their types inferred:
  - _assign
  - _liked_by
  - _user_tags
  - attendance_device_id
  - bank_ac_no
  - bank_name
  - bio
  - branch
  - cell_number
  - contract_end_date
  - current_address
  - date_of_issue
  - date_of_retirement
  - department
  - designation
  - emergency_phone_number
  - employee_number
  - encashment_date
  - family_background
  - feedback
  - final_confirmation_date
  - health_details
  - held_on
  - holiday_list
  - iban
  - image
  - new_workplace
  - passport_number
  - permanent_address
  - person_to_be_contacted
  - place_of_issue
  - reason_for_leaving
  - relation
  - reports_to
  - resignation_letter_date
  - salutation
  - scheduled_confirmation_date
  - valid_upto

Unless type hints are provided, these columns will not be materialized in the destination.
One way to provide type hints is to use the 'columns' argument in the '@dlt.resource' decorator.  For example:

@dlt.resource(columns={'_assign': {'data_type': 'text'}})

[32m2026-05-06 14:56:03 +0700[0m - dagster - [34mDEBUG[0m - ingestion__frappe__erpnext__master_data_batch__job - 8c5b5397-0041-4ea2-9d95-59e3f0970688 - 75280 - frappe_dlt_assets - STEP_OUTPUT - Yielded output "ingestion__frappe__erpnext__employees" of type "Nothing". (Type check passed).
[32m2026-05-06 14:56:04 +0700[0m - dagster - [34mDEBUG[0m - ingestion__frappe__erpnext__master_data_batch__job - 8c5b5397-0041-4ea2-9d95-59e3f0970688 - 75280 - frappe_dlt_assets - ASSET_MATERIALIZATION - Materialized value ingestion frappe erpnext employees.
[32m2026-05-06 14:56:04 +0700[0m - dagster - [34mINFO[0m - ingestion__frappe__erpnext__master_data_batch__job - 8c5b5397-0041-4ea2-9d95-59e3f0970688 - frappe_dlt_assets - Running Frappe resource=lead_budgets with start_date=2024-04-20 end_date=None full_refresh=True pipeline_name=frappe_erpnext_lead_budgets
/Users/nam/Data/Jemmia/data-platform/.venv/lib/python3.10/site-packages/dlt/pipeline/progress.py:27: UserWarning: psutil dependency is not installed and memory stats will not be available. Add psutil to your environment or pass dump_system_stats=False to disable this warning.
  return log()
2026-05-06 14:56:05,380|[WARNING]|75280|8107187264|dlt|validate.py|verify_normalized_table:113|In schema `frappe`: The following columns in table 'lead_budgets' did not receive any data during this load and therefore could not have their types inferred:
  - _comments
  - _liked_by
  - _user_tags

Unless type hints are provided, these columns will not be materialized in the destination.
One way to provide type hints is to use the 'columns' argument in the '@dlt.resource' decorator.  For example:

@dlt.resource(columns={'_comments': {'data_type': 'text'}})

[32m2026-05-06 14:56:08 +0700[0m - dagster - [34mDEBUG[0m - ingestion__frappe__erpnext__master_data_batch__job - 8c5b5397-0041-4ea2-9d95-59e3f0970688 - 75280 - frappe_dlt_assets - STEP_OUTPUT - Yielded output "ingestion__frappe__erpnext__lead_budgets" of type "Nothing". (Type check passed).
[32m2026-05-06 14:56:08 +0700[0m - dagster - [34mDEBUG[0m - ingestion__frappe__erpnext__master_data_batch__job - 8c5b5397-0041-4ea2-9d95-59e3f0970688 - 75280 - frappe_dlt_assets - ASSET_MATERIALIZATION - Materialized value ingestion frappe erpnext lead_budgets.
[32m2026-05-06 14:56:08 +0700[0m - dagster - [34mINFO[0m - ingestion__frappe__erpnext__master_data_batch__job - 8c5b5397-0041-4ea2-9d95-59e3f0970688 - frappe_dlt_assets - Running Frappe resource=lead_demands with start_date=2024-04-20 end_date=None full_refresh=True pipeline_name=frappe_erpnext_lead_demands
/Users/nam/Data/Jemmia/data-platform/.venv/lib/python3.10/site-packages/dlt/pipeline/progress.py:27: UserWarning: psutil dependency is not installed and memory stats will not be available. Add psutil to your environment or pass dump_system_stats=False to disable this warning.
  return log()
2026-05-06 14:56:09,022|[WARNING]|75280|8107187264|dlt|validate.py|verify_normalized_table:113|In schema `frappe`: The following columns in table 'lead_demands' did not receive any data during this load and therefore could not have their types inferred:
  - _assign
  - _comments
  - _liked_by
  - _user_tags

Unless type hints are provided, these columns will not be materialized in the destination.
One way to provide type hints is to use the 'columns' argument in the '@dlt.resource' decorator.  For example:

@dlt.resource(columns={'_assign': {'data_type': 'text'}})

[32m2026-05-06 14:56:10 +0700[0m - dagster - [34mDEBUG[0m - ingestion__frappe__erpnext__master_data_batch__job - 8c5b5397-0041-4ea2-9d95-59e3f0970688 - 75280 - frappe_dlt_assets - STEP_OUTPUT - Yielded output "ingestion__frappe__erpnext__lead_demands" of type "Nothing". (Type check passed).
[32m2026-05-06 14:56:10 +0700[0m - dagster - [34mDEBUG[0m - ingestion__frappe__erpnext__master_data_batch__job - 8c5b5397-0041-4ea2-9d95-59e3f0970688 - 75280 - frappe_dlt_assets - ASSET_MATERIALIZATION - Materialized value ingestion frappe erpnext lead_demands.
[32m2026-05-06 14:56:10 +0700[0m - dagster - [34mINFO[0m - ingestion__frappe__erpnext__master_data_batch__job - 8c5b5397-0041-4ea2-9d95-59e3f0970688 - frappe_dlt_assets - Running Frappe resource=lead_sources with start_date=2024-04-20 end_date=None full_refresh=True pipeline_name=frappe_erpnext_lead_sources
/Users/nam/Data/Jemmia/data-platform/.venv/lib/python3.10/site-packages/dlt/pipeline/progress.py:27: UserWarning: psutil dependency is not installed and memory stats will not be available. Add psutil to your environment or pass dump_system_stats=False to disable this warning.
  return log()
2026-05-06 14:56:11,391|[WARNING]|75280|8107187264|dlt|validate.py|verify_normalized_table:113|In schema `frappe`: The following columns in table 'lead_sources' did not receive any data during this load and therefore could not have their types inferred:
  - _assign
  - _comments
  - _liked_by
  - _user_tags

Unless type hints are provided, these columns will not be materialized in the destination.
One way to provide type hints is to use the 'columns' argument in the '@dlt.resource' decorator.  For example:

@dlt.resource(columns={'_assign': {'data_type': 'text'}})

[32m2026-05-06 14:56:13 +0700[0m - dagster - [34mDEBUG[0m - ingestion__frappe__erpnext__master_data_batch__job - 8c5b5397-0041-4ea2-9d95-59e3f0970688 - 75280 - frappe_dlt_assets - STEP_OUTPUT - Yielded output "ingestion__frappe__erpnext__lead_sources" of type "Nothing". (Type check passed).
[32m2026-05-06 14:56:13 +0700[0m - dagster - [34mDEBUG[0m - ingestion__frappe__erpnext__master_data_batch__job - 8c5b5397-0041-4ea2-9d95-59e3f0970688 - 75280 - frappe_dlt_assets - ASSET_MATERIALIZATION - Materialized value ingestion frappe erpnext lead_sources.
[32m2026-05-06 14:56:13 +0700[0m - dagster - [34mINFO[0m - ingestion__frappe__erpnext__master_data_batch__job - 8c5b5397-0041-4ea2-9d95-59e3f0970688 - frappe_dlt_assets - Running Frappe resource=market_segments with start_date=2024-04-20 end_date=None full_refresh=True pipeline_name=frappe_erpnext_market_segments
/Users/nam/Data/Jemmia/data-platform/.venv/lib/python3.10/site-packages/dlt/pipeline/progress.py:27: UserWarning: psutil dependency is not installed and memory stats will not be available. Add psutil to your environment or pass dump_system_stats=False to disable this warning.
  return log()
2026-05-06 14:56:14,045|[WARNING]|75280|8107187264|dlt|validate.py|verify_normalized_table:113|In schema `frappe`: The following columns in table 'market_segments' did not receive any data during this load and therefore could not have their types inferred:
  - _assign
  - _comments
  - _liked_by
  - _user_tags

Unless type hints are provided, these columns will not be materialized in the destination.
One way to provide type hints is to use the 'columns' argument in the '@dlt.resource' decorator.  For example:

@dlt.resource(columns={'_assign': {'data_type': 'text'}})

[32m2026-05-06 14:56:15 +0700[0m - dagster - [34mDEBUG[0m - ingestion__frappe__erpnext__master_data_batch__job - 8c5b5397-0041-4ea2-9d95-59e3f0970688 - 75280 - frappe_dlt_assets - STEP_OUTPUT - Yielded output "ingestion__frappe__erpnext__market_segments" of type "Nothing". (Type check passed).
[32m2026-05-06 14:56:15 +0700[0m - dagster - [34mDEBUG[0m - ingestion__frappe__erpnext__master_data_batch__job - 8c5b5397-0041-4ea2-9d95-59e3f0970688 - 75280 - frappe_dlt_assets - ASSET_MATERIALIZATION - Materialized value ingestion frappe erpnext market_segments.
[32m2026-05-06 14:56:15 +0700[0m - dagster - [34mINFO[0m - ingestion__frappe__erpnext__master_data_batch__job - 8c5b5397-0041-4ea2-9d95-59e3f0970688 - frappe_dlt_assets - Running Frappe resource=monthly_distributions with start_date=2024-04-20 end_date=None full_refresh=True pipeline_name=frappe_erpnext_monthly_distributions
/Users/nam/Data/Jemmia/data-platform/.venv/lib/python3.10/site-packages/dlt/pipeline/progress.py:27: UserWarning: psutil dependency is not installed and memory stats will not be available. Add psutil to your environment or pass dump_system_stats=False to disable this warning.
  return log()
2026-05-06 14:56:16,629|[WARNING]|75280|8107187264|dlt|validate.py|verify_normalized_table:113|In schema `frappe`: The following columns in table 'monthly_distributions' did not receive any data during this load and therefore could not have their types inferred:
  - _assign
  - _comments
  - _liked_by
  - _user_tags

Unless type hints are provided, these columns will not be materialized in the destination.
One way to provide type hints is to use the 'columns' argument in the '@dlt.resource' decorator.  For example:

@dlt.resource(columns={'_assign': {'data_type': 'text'}})

[32m2026-05-06 14:56:18 +0700[0m - dagster - [34mDEBUG[0m - ingestion__frappe__erpnext__master_data_batch__job - 8c5b5397-0041-4ea2-9d95-59e3f0970688 - 75280 - frappe_dlt_assets - STEP_OUTPUT - Yielded output "ingestion__frappe__erpnext__monthly_distributions" of type "Nothing". (Type check passed).
[32m2026-05-06 14:56:18 +0700[0m - dagster - [34mDEBUG[0m - ingestion__frappe__erpnext__master_data_batch__job - 8c5b5397-0041-4ea2-9d95-59e3f0970688 - 75280 - frappe_dlt_assets - ASSET_MATERIALIZATION - Materialized value ingestion frappe erpnext monthly_distributions.
[32m2026-05-06 14:56:18 +0700[0m - dagster - [34mINFO[0m - ingestion__frappe__erpnext__master_data_batch__job - 8c5b5397-0041-4ea2-9d95-59e3f0970688 - frappe_dlt_assets - Running Frappe resource=opportunity_types with start_date=2024-04-20 end_date=None full_refresh=True pipeline_name=frappe_erpnext_opportunity_types
/Users/nam/Data/Jemmia/data-platform/.venv/lib/python3.10/site-packages/dlt/pipeline/progress.py:27: UserWarning: psutil dependency is not installed and memory stats will not be available. Add psutil to your environment or pass dump_system_stats=False to disable this warning.
  return log()
2026-05-06 14:56:19,135|[WARNING]|75280|8107187264|dlt|validate.py|verify_normalized_table:113|In schema `frappe`: The following columns in table 'opportunity_types' did not receive any data during this load and therefore could not have their types inferred:
  - _assign
  - _comments
  - _liked_by
  - _user_tags
  - description

Unless type hints are provided, these columns will not be materialized in the destination.
One way to provide type hints is to use the 'columns' argument in the '@dlt.resource' decorator.  For example:

@dlt.resource(columns={'_assign': {'data_type': 'text'}})

[32m2026-05-06 14:56:20 +0700[0m - dagster - [34mDEBUG[0m - ingestion__frappe__erpnext__master_data_batch__job - 8c5b5397-0041-4ea2-9d95-59e3f0970688 - 75280 - frappe_dlt_assets - STEP_OUTPUT - Yielded output "ingestion__frappe__erpnext__opportunity_types" of type "Nothing". (Type check passed).
[32m2026-05-06 14:56:20 +0700[0m - dagster - [34mDEBUG[0m - ingestion__frappe__erpnext__master_data_batch__job - 8c5b5397-0041-4ea2-9d95-59e3f0970688 - 75280 - frappe_dlt_assets - ASSET_MATERIALIZATION - Materialized value ingestion frappe erpnext opportunity_types.
[32m2026-05-06 14:56:20 +0700[0m - dagster - [34mINFO[0m - ingestion__frappe__erpnext__master_data_batch__job - 8c5b5397-0041-4ea2-9d95-59e3f0970688 - frappe_dlt_assets - Running Frappe resource=policies with start_date=2024-04-20 end_date=None full_refresh=True pipeline_name=frappe_erpnext_policies
/Users/nam/Data/Jemmia/data-platform/.venv/lib/python3.10/site-packages/dlt/pipeline/progress.py:27: UserWarning: psutil dependency is not installed and memory stats will not be available. Add psutil to your environment or pass dump_system_stats=False to disable this warning.
  return log()
2026-05-06 14:56:21,715|[WARNING]|75280|8107187264|dlt|validate.py|verify_normalized_table:113|In schema `frappe`: The following columns in table 'policies' did not receive any data during this load and therefore could not have their types inferred:
  - _assign
  - _comments
  - _liked_by
  - _user_tags
  - bizfly_id

Unless type hints are provided, these columns will not be materialized in the destination.
One way to provide type hints is to use the 'columns' argument in the '@dlt.resource' decorator.  For example:

@dlt.resource(columns={'_assign': {'data_type': 'text'}})

[32m2026-05-06 14:56:23 +0700[0m - dagster - [34mDEBUG[0m - ingestion__frappe__erpnext__master_data_batch__job - 8c5b5397-0041-4ea2-9d95-59e3f0970688 - 75280 - frappe_dlt_assets - STEP_OUTPUT - Yielded output "ingestion__frappe__erpnext__policies" of type "Nothing". (Type check passed).
[32m2026-05-06 14:56:23 +0700[0m - dagster - [34mDEBUG[0m - ingestion__frappe__erpnext__master_data_batch__job - 8c5b5397-0041-4ea2-9d95-59e3f0970688 - 75280 - frappe_dlt_assets - ASSET_MATERIALIZATION - Materialized value ingestion frappe erpnext policies.
[32m2026-05-06 14:56:23 +0700[0m - dagster - [34mINFO[0m - ingestion__frappe__erpnext__master_data_batch__job - 8c5b5397-0041-4ea2-9d95-59e3f0970688 - frappe_dlt_assets - Running Frappe resource=product_categories with start_date=2024-04-20 end_date=None full_refresh=True pipeline_name=frappe_erpnext_product_categories
/Users/nam/Data/Jemmia/data-platform/.venv/lib/python3.10/site-packages/dlt/pipeline/progress.py:27: UserWarning: psutil dependency is not installed and memory stats will not be available. Add psutil to your environment or pass dump_system_stats=False to disable this warning.
  return log()
2026-05-06 14:56:24,115|[WARNING]|75280|8107187264|dlt|validate.py|verify_normalized_table:113|In schema `frappe`: The following columns in table 'product_categories' did not receive any data during this load and therefore could not have their types inferred:
  - _assign
  - _comments
  - _liked_by
  - _user_tags

Unless type hints are provided, these columns will not be materialized in the destination.
One way to provide type hints is to use the 'columns' argument in the '@dlt.resource' decorator.  For example:

@dlt.resource(columns={'_assign': {'data_type': 'text'}})

[32m2026-05-06 14:56:25 +0700[0m - dagster - [34mDEBUG[0m - ingestion__frappe__erpnext__master_data_batch__job - 8c5b5397-0041-4ea2-9d95-59e3f0970688 - 75280 - frappe_dlt_assets - STEP_OUTPUT - Yielded output "ingestion__frappe__erpnext__product_categories" of type "Nothing". (Type check passed).
[32m2026-05-06 14:56:25 +0700[0m - dagster - [34mDEBUG[0m - ingestion__frappe__erpnext__master_data_batch__job - 8c5b5397-0041-4ea2-9d95-59e3f0970688 - 75280 - frappe_dlt_assets - ASSET_MATERIALIZATION - Materialized value ingestion frappe erpnext product_categories.
[32m2026-05-06 14:56:25 +0700[0m - dagster - [34mINFO[0m - ingestion__frappe__erpnext__master_data_batch__job - 8c5b5397-0041-4ea2-9d95-59e3f0970688 - frappe_dlt_assets - Running Frappe resource=promotion_groups with start_date=2024-04-20 end_date=None full_refresh=True pipeline_name=frappe_erpnext_promotion_groups
/Users/nam/Data/Jemmia/data-platform/.venv/lib/python3.10/site-packages/dlt/pipeline/progress.py:27: UserWarning: psutil dependency is not installed and memory stats will not be available. Add psutil to your environment or pass dump_system_stats=False to disable this warning.
  return log()
2026-05-06 14:56:26,387|[WARNING]|75280|8107187264|dlt|validate.py|verify_normalized_table:113|In schema `frappe`: The following columns in table 'promotion_groups' did not receive any data during this load and therefore could not have their types inferred:
  - _assign
  - _comments
  - _liked_by
  - _user_tags
  - end_date
  - start_date

Unless type hints are provided, these columns will not be materialized in the destination.
One way to provide type hints is to use the 'columns' argument in the '@dlt.resource' decorator.  For example:

@dlt.resource(columns={'_assign': {'data_type': 'text'}})

[32m2026-05-06 14:56:28 +0700[0m - dagster - [34mDEBUG[0m - ingestion__frappe__erpnext__master_data_batch__job - 8c5b5397-0041-4ea2-9d95-59e3f0970688 - 75280 - frappe_dlt_assets - STEP_OUTPUT - Yielded output "ingestion__frappe__erpnext__promotion_groups" of type "Nothing". (Type check passed).
[32m2026-05-06 14:56:28 +0700[0m - dagster - [34mDEBUG[0m - ingestion__frappe__erpnext__master_data_batch__job - 8c5b5397-0041-4ea2-9d95-59e3f0970688 - 75280 - frappe_dlt_assets - ASSET_MATERIALIZATION - Materialized value ingestion frappe erpnext promotion_groups.
[32m2026-05-06 14:56:28 +0700[0m - dagster - [34mINFO[0m - ingestion__frappe__erpnext__master_data_batch__job - 8c5b5397-0041-4ea2-9d95-59e3f0970688 - frappe_dlt_assets - Running Frappe resource=promotions with start_date=2024-04-20 end_date=None full_refresh=True pipeline_name=frappe_erpnext_promotions
/Users/nam/Data/Jemmia/data-platform/.venv/lib/python3.10/site-packages/dlt/pipeline/progress.py:27: UserWarning: psutil dependency is not installed and memory stats will not be available. Add psutil to your environment or pass dump_system_stats=False to disable this warning.
  return log()
2026-05-06 14:56:28,946|[WARNING]|75280|8107187264|dlt|validate.py|verify_normalized_table:113|In schema `frappe`: The following columns in table 'promotions' did not receive any data during this load and therefore could not have their types inferred:
  - _assign
  - _comments
  - _liked_by
  - _user_tags

Unless type hints are provided, these columns will not be materialized in the destination.
One way to provide type hints is to use the 'columns' argument in the '@dlt.resource' decorator.  For example:

@dlt.resource(columns={'_assign': {'data_type': 'text'}})

[32m2026-05-06 14:56:31 +0700[0m - dagster - [34mDEBUG[0m - ingestion__frappe__erpnext__master_data_batch__job - 8c5b5397-0041-4ea2-9d95-59e3f0970688 - 75280 - frappe_dlt_assets - STEP_OUTPUT - Yielded output "ingestion__frappe__erpnext__promotions" of type "Nothing". (Type check passed).
[32m2026-05-06 14:56:31 +0700[0m - dagster - [34mDEBUG[0m - ingestion__frappe__erpnext__master_data_batch__job - 8c5b5397-0041-4ea2-9d95-59e3f0970688 - 75280 - frappe_dlt_assets - ASSET_MATERIALIZATION - Materialized value ingestion frappe erpnext promotions.
[32m2026-05-06 14:56:31 +0700[0m - dagster - [34mINFO[0m - ingestion__frappe__erpnext__master_data_batch__job - 8c5b5397-0041-4ea2-9d95-59e3f0970688 - frappe_dlt_assets - Running Frappe resource=provinces with start_date=2024-04-20 end_date=None full_refresh=True pipeline_name=frappe_erpnext_provinces
/Users/nam/Data/Jemmia/data-platform/.venv/lib/python3.10/site-packages/dlt/pipeline/progress.py:27: UserWarning: psutil dependency is not installed and memory stats will not be available. Add psutil to your environment or pass dump_system_stats=False to disable this warning.
  return log()
2026-05-06 14:56:31,812|[WARNING]|75280|8107187264|dlt|validate.py|verify_normalized_table:113|In schema `frappe`: The following columns in table 'provinces' did not receive any data during this load and therefore could not have their types inferred:
  - _assign
  - _comments
  - _liked_by
  - _user_tags

Unless type hints are provided, these columns will not be materialized in the destination.
One way to provide type hints is to use the 'columns' argument in the '@dlt.resource' decorator.  For example:

@dlt.resource(columns={'_assign': {'data_type': 'text'}})

[32m2026-05-06 14:56:33 +0700[0m - dagster - [34mDEBUG[0m - ingestion__frappe__erpnext__master_data_batch__job - 8c5b5397-0041-4ea2-9d95-59e3f0970688 - 75280 - frappe_dlt_assets - STEP_OUTPUT - Yielded output "ingestion__frappe__erpnext__provinces" of type "Nothing". (Type check passed).
[32m2026-05-06 14:56:33 +0700[0m - dagster - [34mDEBUG[0m - ingestion__frappe__erpnext__master_data_batch__job - 8c5b5397-0041-4ea2-9d95-59e3f0970688 - 75280 - frappe_dlt_assets - ASSET_MATERIALIZATION - Materialized value ingestion frappe erpnext provinces.
[32m2026-05-06 14:56:33 +0700[0m - dagster - [34mINFO[0m - ingestion__frappe__erpnext__master_data_batch__job - 8c5b5397-0041-4ea2-9d95-59e3f0970688 - frappe_dlt_assets - Running Frappe resource=purchase_purposes with start_date=2024-04-20 end_date=None full_refresh=True pipeline_name=frappe_erpnext_purchase_purposes
/Users/nam/Data/Jemmia/data-platform/.venv/lib/python3.10/site-packages/dlt/pipeline/progress.py:27: UserWarning: psutil dependency is not installed and memory stats will not be available. Add psutil to your environment or pass dump_system_stats=False to disable this warning.
  return log()
2026-05-06 14:56:34,200|[WARNING]|75280|8107187264|dlt|validate.py|verify_normalized_table:113|In schema `frappe`: The following columns in table 'purchase_purposes' did not receive any data during this load and therefore could not have their types inferred:
  - _assign
  - _comments
  - _liked_by
  - _user_tags

Unless type hints are provided, these columns will not be materialized in the destination.
One way to provide type hints is to use the 'columns' argument in the '@dlt.resource' decorator.  For example:

@dlt.resource(columns={'_assign': {'data_type': 'text'}})

[32m2026-05-06 14:56:36 +0700[0m - dagster - [34mDEBUG[0m - ingestion__frappe__erpnext__master_data_batch__job - 8c5b5397-0041-4ea2-9d95-59e3f0970688 - 75280 - frappe_dlt_assets - STEP_OUTPUT - Yielded output "ingestion__frappe__erpnext__purchase_purposes" of type "Nothing". (Type check passed).
[32m2026-05-06 14:56:36 +0700[0m - dagster - [34mDEBUG[0m - ingestion__frappe__erpnext__master_data_batch__job - 8c5b5397-0041-4ea2-9d95-59e3f0970688 - 75280 - frappe_dlt_assets - ASSET_MATERIALIZATION - Materialized value ingestion frappe erpnext purchase_purposes.
[32m2026-05-06 14:56:36 +0700[0m - dagster - [34mINFO[0m - ingestion__frappe__erpnext__master_data_batch__job - 8c5b5397-0041-4ea2-9d95-59e3f0970688 - frappe_dlt_assets - Running Frappe resource=regions with start_date=2024-04-20 end_date=None full_refresh=True pipeline_name=frappe_erpnext_regions
/Users/nam/Data/Jemmia/data-platform/.venv/lib/python3.10/site-packages/dlt/pipeline/progress.py:27: UserWarning: psutil dependency is not installed and memory stats will not be available. Add psutil to your environment or pass dump_system_stats=False to disable this warning.
  return log()
2026-05-06 14:56:37,301|[WARNING]|75280|8107187264|dlt|validate.py|verify_normalized_table:113|In schema `frappe`: The following columns in table 'regions' did not receive any data during this load and therefore could not have their types inferred:
  - _assign
  - _comments
  - _liked_by
  - _user_tags

Unless type hints are provided, these columns will not be materialized in the destination.
One way to provide type hints is to use the 'columns' argument in the '@dlt.resource' decorator.  For example:

@dlt.resource(columns={'_assign': {'data_type': 'text'}})

[32m2026-05-06 14:56:38 +0700[0m - dagster - [34mDEBUG[0m - ingestion__frappe__erpnext__master_data_batch__job - 8c5b5397-0041-4ea2-9d95-59e3f0970688 - 75280 - frappe_dlt_assets - STEP_OUTPUT - Yielded output "ingestion__frappe__erpnext__regions" of type "Nothing". (Type check passed).
[32m2026-05-06 14:56:38 +0700[0m - dagster - [34mDEBUG[0m - ingestion__frappe__erpnext__master_data_batch__job - 8c5b5397-0041-4ea2-9d95-59e3f0970688 - 75280 - frappe_dlt_assets - ASSET_MATERIALIZATION - Materialized value ingestion frappe erpnext regions.
[32m2026-05-06 14:56:39 +0700[0m - dagster - [34mINFO[0m - ingestion__frappe__erpnext__master_data_batch__job - 8c5b5397-0041-4ea2-9d95-59e3f0970688 - frappe_dlt_assets - Running Frappe resource=reports with start_date=2024-04-20 end_date=None full_refresh=True pipeline_name=frappe_erpnext_reports
/Users/nam/Data/Jemmia/data-platform/.venv/lib/python3.10/site-packages/dlt/pipeline/progress.py:27: UserWarning: psutil dependency is not installed and memory stats will not be available. Add psutil to your environment or pass dump_system_stats=False to disable this warning.
  return log()
2026-05-06 14:56:39,675|[WARNING]|75280|8107187264|dlt|validate.py|verify_normalized_table:113|In schema `frappe`: The following columns in table 'reports' did not receive any data during this load and therefore could not have their types inferred:
  - _assign
  - _user_tags
  - javascript

Unless type hints are provided, these columns will not be materialized in the destination.
One way to provide type hints is to use the 'columns' argument in the '@dlt.resource' decorator.  For example:

@dlt.resource(columns={'_assign': {'data_type': 'text'}})

[32m2026-05-06 14:56:41 +0700[0m - dagster - [34mDEBUG[0m - ingestion__frappe__erpnext__master_data_batch__job - 8c5b5397-0041-4ea2-9d95-59e3f0970688 - 75280 - frappe_dlt_assets - STEP_OUTPUT - Yielded output "ingestion__frappe__erpnext__reports" of type "Nothing". (Type check passed).
[32m2026-05-06 14:56:41 +0700[0m - dagster - [34mDEBUG[0m - ingestion__frappe__erpnext__master_data_batch__job - 8c5b5397-0041-4ea2-9d95-59e3f0970688 - 75280 - frappe_dlt_assets - ASSET_MATERIALIZATION - Materialized value ingestion frappe erpnext reports.
[32m2026-05-06 14:56:41 +0700[0m - dagster - [34mINFO[0m - ingestion__frappe__erpnext__master_data_batch__job - 8c5b5397-0041-4ea2-9d95-59e3f0970688 - frappe_dlt_assets - Running Frappe resource=role_profiles with start_date=2024-04-20 end_date=None full_refresh=True pipeline_name=frappe_erpnext_role_profiles
/Users/nam/Data/Jemmia/data-platform/.venv/lib/python3.10/site-packages/dlt/pipeline/progress.py:27: UserWarning: psutil dependency is not installed and memory stats will not be available. Add psutil to your environment or pass dump_system_stats=False to disable this warning.
  return log()
2026-05-06 14:56:42,001|[WARNING]|75280|8107187264|dlt|validate.py|verify_normalized_table:113|In schema `frappe`: The following columns in table 'role_profiles' did not receive any data during this load and therefore could not have their types inferred:
  - _assign
  - _comments
  - _liked_by
  - _user_tags

Unless type hints are provided, these columns will not be materialized in the destination.
One way to provide type hints is to use the 'columns' argument in the '@dlt.resource' decorator.  For example:

@dlt.resource(columns={'_assign': {'data_type': 'text'}})

[32m2026-05-06 14:56:43 +0700[0m - dagster - [34mDEBUG[0m - ingestion__frappe__erpnext__master_data_batch__job - 8c5b5397-0041-4ea2-9d95-59e3f0970688 - 75280 - frappe_dlt_assets - STEP_OUTPUT - Yielded output "ingestion__frappe__erpnext__role_profiles" of type "Nothing". (Type check passed).
[32m2026-05-06 14:56:43 +0700[0m - dagster - [34mDEBUG[0m - ingestion__frappe__erpnext__master_data_batch__job - 8c5b5397-0041-4ea2-9d95-59e3f0970688 - 75280 - frappe_dlt_assets - ASSET_MATERIALIZATION - Materialized value ingestion frappe erpnext role_profiles.
[32m2026-05-06 14:56:43 +0700[0m - dagster - [34mINFO[0m - ingestion__frappe__erpnext__master_data_batch__job - 8c5b5397-0041-4ea2-9d95-59e3f0970688 - frappe_dlt_assets - Running Frappe resource=roles with start_date=2024-04-20 end_date=None full_refresh=True pipeline_name=frappe_erpnext_roles
/Users/nam/Data/Jemmia/data-platform/.venv/lib/python3.10/site-packages/dlt/pipeline/progress.py:27: UserWarning: psutil dependency is not installed and memory stats will not be available. Add psutil to your environment or pass dump_system_stats=False to disable this warning.
  return log()
2026-05-06 14:56:44,555|[WARNING]|75280|8107187264|dlt|validate.py|verify_normalized_table:113|In schema `frappe`: The following columns in table 'roles' did not receive any data during this load and therefore could not have their types inferred:
  - _assign
  - _comments
  - _liked_by
  - _user_tags
  - home_page
  - restrict_to_domain

Unless type hints are provided, these columns will not be materialized in the destination.
One way to provide type hints is to use the 'columns' argument in the '@dlt.resource' decorator.  For example:

@dlt.resource(columns={'_assign': {'data_type': 'text'}})

[32m2026-05-06 14:56:45 +0700[0m - dagster - [34mDEBUG[0m - ingestion__frappe__erpnext__master_data_batch__job - 8c5b5397-0041-4ea2-9d95-59e3f0970688 - 75280 - frappe_dlt_assets - STEP_OUTPUT - Yielded output "ingestion__frappe__erpnext__roles" of type "Nothing". (Type check passed).
[32m2026-05-06 14:56:45 +0700[0m - dagster - [34mDEBUG[0m - ingestion__frappe__erpnext__master_data_batch__job - 8c5b5397-0041-4ea2-9d95-59e3f0970688 - 75280 - frappe_dlt_assets - ASSET_MATERIALIZATION - Materialized value ingestion frappe erpnext roles.
[32m2026-05-06 14:56:45 +0700[0m - dagster - [34mINFO[0m - ingestion__frappe__erpnext__master_data_batch__job - 8c5b5397-0041-4ea2-9d95-59e3f0970688 - frappe_dlt_assets - Running Frappe resource=sales_partner_types with start_date=2024-04-20 end_date=None full_refresh=True pipeline_name=frappe_erpnext_sales_partner_types
/Users/nam/Data/Jemmia/data-platform/.venv/lib/python3.10/site-packages/dlt/pipeline/progress.py:27: UserWarning: psutil dependency is not installed and memory stats will not be available. Add psutil to your environment or pass dump_system_stats=False to disable this warning.
  return log()
2026-05-06 14:56:46,712|[WARNING]|75280|8107187264|dlt|validate.py|verify_normalized_table:113|In schema `frappe`: The following columns in table 'sales_partner_types' did not receive any data during this load and therefore could not have their types inferred:
  - _assign
  - _comments
  - _liked_by
  - _user_tags

Unless type hints are provided, these columns will not be materialized in the destination.
One way to provide type hints is to use the 'columns' argument in the '@dlt.resource' decorator.  For example:

@dlt.resource(columns={'_assign': {'data_type': 'text'}})

[32m2026-05-06 14:56:48 +0700[0m - dagster - [34mDEBUG[0m - ingestion__frappe__erpnext__master_data_batch__job - 8c5b5397-0041-4ea2-9d95-59e3f0970688 - 75280 - frappe_dlt_assets - STEP_OUTPUT - Yielded output "ingestion__frappe__erpnext__sales_partner_types" of type "Nothing". (Type check passed).
[32m2026-05-06 14:56:48 +0700[0m - dagster - [34mDEBUG[0m - ingestion__frappe__erpnext__master_data_batch__job - 8c5b5397-0041-4ea2-9d95-59e3f0970688 - 75280 - frappe_dlt_assets - ASSET_MATERIALIZATION - Materialized value ingestion frappe erpnext sales_partner_types.
[32m2026-05-06 14:56:48 +0700[0m - dagster - [34mINFO[0m - ingestion__frappe__erpnext__master_data_batch__job - 8c5b5397-0041-4ea2-9d95-59e3f0970688 - frappe_dlt_assets - Running Frappe resource=sales_stages with start_date=2024-04-20 end_date=None full_refresh=True pipeline_name=frappe_erpnext_sales_stages
/Users/nam/Data/Jemmia/data-platform/.venv/lib/python3.10/site-packages/dlt/pipeline/progress.py:27: UserWarning: psutil dependency is not installed and memory stats will not be available. Add psutil to your environment or pass dump_system_stats=False to disable this warning.
  return log()
2026-05-06 14:56:48,858|[WARNING]|75280|8107187264|dlt|validate.py|verify_normalized_table:113|In schema `frappe`: The following columns in table 'sales_stages' did not receive any data during this load and therefore could not have their types inferred:
  - _assign
  - _comments
  - _liked_by
  - _user_tags

Unless type hints are provided, these columns will not be materialized in the destination.
One way to provide type hints is to use the 'columns' argument in the '@dlt.resource' decorator.  For example:

@dlt.resource(columns={'_assign': {'data_type': 'text'}})

[32m2026-05-06 14:56:50 +0700[0m - dagster - [34mDEBUG[0m - ingestion__frappe__erpnext__master_data_batch__job - 8c5b5397-0041-4ea2-9d95-59e3f0970688 - 75280 - frappe_dlt_assets - STEP_OUTPUT - Yielded output "ingestion__frappe__erpnext__sales_stages" of type "Nothing". (Type check passed).
[32m2026-05-06 14:56:50 +0700[0m - dagster - [34mDEBUG[0m - ingestion__frappe__erpnext__master_data_batch__job - 8c5b5397-0041-4ea2-9d95-59e3f0970688 - 75280 - frappe_dlt_assets - ASSET_MATERIALIZATION - Materialized value ingestion frappe erpnext sales_stages.
[32m2026-05-06 14:56:50 +0700[0m - dagster - [34mINFO[0m - ingestion__frappe__erpnext__master_data_batch__job - 8c5b5397-0041-4ea2-9d95-59e3f0970688 - frappe_dlt_assets - Running Frappe resource=sales_teams with start_date=2024-04-20 end_date=None full_refresh=True pipeline_name=frappe_erpnext_sales_teams
/Users/nam/Data/Jemmia/data-platform/.venv/lib/python3.10/site-packages/dlt/pipeline/progress.py:27: UserWarning: psutil dependency is not installed and memory stats will not be available. Add psutil to your environment or pass dump_system_stats=False to disable this warning.
  return log()
2026-05-06 14:56:56,778|[WARNING]|75280|8107187264|dlt|validate.py|verify_normalized_table:113|In schema `frappe`: The following columns in table 'sales_teams' did not receive any data during this load and therefore could not have their types inferred:
  - contact_no

Unless type hints are provided, these columns will not be materialized in the destination.
One way to provide type hints is to use the 'columns' argument in the '@dlt.resource' decorator.  For example:

@dlt.resource(columns={'contact_no': {'data_type': 'text'}})

[32m2026-05-06 14:56:59 +0700[0m - dagster - [34mDEBUG[0m - ingestion__frappe__erpnext__master_data_batch__job - 8c5b5397-0041-4ea2-9d95-59e3f0970688 - 75280 - frappe_dlt_assets - STEP_OUTPUT - Yielded output "ingestion__frappe__erpnext__sales_teams" of type "Nothing". (Type check passed).
[32m2026-05-06 14:56:59 +0700[0m - dagster - [34mDEBUG[0m - ingestion__frappe__erpnext__master_data_batch__job - 8c5b5397-0041-4ea2-9d95-59e3f0970688 - 75280 - frappe_dlt_assets - ASSET_MATERIALIZATION - Materialized value ingestion frappe erpnext sales_teams.
[32m2026-05-06 14:56:59 +0700[0m - dagster - [34mINFO[0m - ingestion__frappe__erpnext__master_data_batch__job - 8c5b5397-0041-4ea2-9d95-59e3f0970688 - frappe_dlt_assets - Running Frappe resource=serials with start_date=2024-04-20 end_date=None full_refresh=True pipeline_name=frappe_erpnext_serials
/Users/nam/Data/Jemmia/data-platform/.venv/lib/python3.10/site-packages/dlt/pipeline/progress.py:27: UserWarning: psutil dependency is not installed and memory stats will not be available. Add psutil to your environment or pass dump_system_stats=False to disable this warning.
  return log()
2026-05-06 14:57:01,910|[WARNING]|75280|8107187264|dlt|validate.py|verify_normalized_table:113|In schema `frappe`: The following columns in table 'serials' did not receive any data during this load and therefore could not have their types inferred:
  - _assign
  - _comments
  - _liked_by
  - _user_tags

Unless type hints are provided, these columns will not be materialized in the destination.
One way to provide type hints is to use the 'columns' argument in the '@dlt.resource' decorator.  For example:

@dlt.resource(columns={'_assign': {'data_type': 'text'}})

[32m2026-05-06 14:57:04 +0700[0m - dagster - [34mDEBUG[0m - ingestion__frappe__erpnext__master_data_batch__job - 8c5b5397-0041-4ea2-9d95-59e3f0970688 - 75280 - frappe_dlt_assets - STEP_OUTPUT - Yielded output "ingestion__frappe__erpnext__serials" of type "Nothing". (Type check passed).
[32m2026-05-06 14:57:04 +0700[0m - dagster - [34mDEBUG[0m - ingestion__frappe__erpnext__master_data_batch__job - 8c5b5397-0041-4ea2-9d95-59e3f0970688 - 75280 - frappe_dlt_assets - ASSET_MATERIALIZATION - Materialized value ingestion frappe erpnext serials.
[32m2026-05-06 14:57:04 +0700[0m - dagster - [34mINFO[0m - ingestion__frappe__erpnext__master_data_batch__job - 8c5b5397-0041-4ea2-9d95-59e3f0970688 - frappe_dlt_assets - Running Frappe resource=tags with start_date=2024-04-20 end_date=None full_refresh=True pipeline_name=frappe_erpnext_tags
/Users/nam/Data/Jemmia/data-platform/.venv/lib/python3.10/site-packages/dlt/pipeline/progress.py:27: UserWarning: psutil dependency is not installed and memory stats will not be available. Add psutil to your environment or pass dump_system_stats=False to disable this warning.
  return log()
2026-05-06 14:57:04,692|[WARNING]|75280|8107187264|dlt|validate.py|verify_normalized_table:113|In schema `frappe`: The following columns in table 'tags' did not receive any data during this load and therefore could not have their types inferred:
  - _assign
  - _comments
  - _liked_by
  - _user_tags
  - description

Unless type hints are provided, these columns will not be materialized in the destination.
One way to provide type hints is to use the 'columns' argument in the '@dlt.resource' decorator.  For example:

@dlt.resource(columns={'_assign': {'data_type': 'text'}})

[32m2026-05-06 14:57:06 +0700[0m - dagster - [34mDEBUG[0m - ingestion__frappe__erpnext__master_data_batch__job - 8c5b5397-0041-4ea2-9d95-59e3f0970688 - 75280 - frappe_dlt_assets - STEP_OUTPUT - Yielded output "ingestion__frappe__erpnext__tags" of type "Nothing". (Type check passed).
[32m2026-05-06 14:57:06 +0700[0m - dagster - [34mDEBUG[0m - ingestion__frappe__erpnext__master_data_batch__job - 8c5b5397-0041-4ea2-9d95-59e3f0970688 - 75280 - frappe_dlt_assets - ASSET_MATERIALIZATION - Materialized value ingestion frappe erpnext tags.
[32m2026-05-06 14:57:06 +0700[0m - dagster - [34mINFO[0m - ingestion__frappe__erpnext__master_data_batch__job - 8c5b5397-0041-4ea2-9d95-59e3f0970688 - frappe_dlt_assets - Running Frappe resource=todos with start_date=2024-04-20 end_date=None full_refresh=True pipeline_name=frappe_erpnext_todos
/Users/nam/Data/Jemmia/data-platform/.venv/lib/python3.10/site-packages/dlt/pipeline/progress.py:27: UserWarning: psutil dependency is not installed and memory stats will not be available. Add psutil to your environment or pass dump_system_stats=False to disable this warning.
  return log()
2026-05-06 14:57:18,608|[WARNING]|75280|8107187264|dlt|validate.py|verify_normalized_table:113|In schema `frappe`: The following columns in table 'todos' did not receive any data during this load and therefore could not have their types inferred:
  - _assign
  - _user_tags
  - role
  - sender

Unless type hints are provided, these columns will not be materialized in the destination.
One way to provide type hints is to use the 'columns' argument in the '@dlt.resource' decorator.  For example:

@dlt.resource(columns={'_assign': {'data_type': 'text'}})

[32m2026-05-06 14:57:24 +0700[0m - dagster - [34mDEBUG[0m - ingestion__frappe__erpnext__master_data_batch__job - 8c5b5397-0041-4ea2-9d95-59e3f0970688 - 75280 - frappe_dlt_assets - STEP_OUTPUT - Yielded output "ingestion__frappe__erpnext__todos" of type "Nothing". (Type check passed).
[32m2026-05-06 14:57:24 +0700[0m - dagster - [34mDEBUG[0m - ingestion__frappe__erpnext__master_data_batch__job - 8c5b5397-0041-4ea2-9d95-59e3f0970688 - 75280 - frappe_dlt_assets - ASSET_MATERIALIZATION - Materialized value ingestion frappe erpnext todos.
[32m2026-05-06 14:57:24 +0700[0m - dagster - [34mINFO[0m - ingestion__frappe__erpnext__master_data_batch__job - 8c5b5397-0041-4ea2-9d95-59e3f0970688 - frappe_dlt_assets - Running Frappe resource=translations with start_date=2024-04-20 end_date=None full_refresh=True pipeline_name=frappe_erpnext_translations
/Users/nam/Data/Jemmia/data-platform/.venv/lib/python3.10/site-packages/dlt/pipeline/progress.py:27: UserWarning: psutil dependency is not installed and memory stats will not be available. Add psutil to your environment or pass dump_system_stats=False to disable this warning.
  return log()
2026-05-06 14:57:26,127|[WARNING]|75280|8107187264|dlt|validate.py|verify_normalized_table:113|In schema `frappe`: The following columns in table 'translations' did not receive any data during this load and therefore could not have their types inferred:
  - _assign
  - _liked_by
  - _user_tags
  - context
  - contribution_docname

Unless type hints are provided, these columns will not be materialized in the destination.
One way to provide type hints is to use the 'columns' argument in the '@dlt.resource' decorator.  For example:

@dlt.resource(columns={'_assign': {'data_type': 'text'}})

[32m2026-05-06 14:57:30 +0700[0m - dagster - [34mDEBUG[0m - ingestion__frappe__erpnext__master_data_batch__job - 8c5b5397-0041-4ea2-9d95-59e3f0970688 - 75280 - frappe_dlt_assets - STEP_OUTPUT - Yielded output "ingestion__frappe__erpnext__translations" of type "Nothing". (Type check passed).
[32m2026-05-06 14:57:30 +0700[0m - dagster - [34mDEBUG[0m - ingestion__frappe__erpnext__master_data_batch__job - 8c5b5397-0041-4ea2-9d95-59e3f0970688 - 75280 - frappe_dlt_assets - ASSET_MATERIALIZATION - Materialized value ingestion frappe erpnext translations.
[32m2026-05-06 14:57:30 +0700[0m - dagster - [34mINFO[0m - ingestion__frappe__erpnext__master_data_batch__job - 8c5b5397-0041-4ea2-9d95-59e3f0970688 - frappe_dlt_assets - Running Frappe resource=uom_conversion_factors with start_date=2024-04-20 end_date=None full_refresh=True pipeline_name=frappe_erpnext_uom_conversion_factors
/Users/nam/Data/Jemmia/data-platform/.venv/lib/python3.10/site-packages/dlt/pipeline/progress.py:27: UserWarning: psutil dependency is not installed and memory stats will not be available. Add psutil to your environment or pass dump_system_stats=False to disable this warning.
  return log()
2026-05-06 14:57:31,371|[WARNING]|75280|8107187264|dlt|validate.py|verify_normalized_table:113|In schema `frappe`: The following columns in table 'uom_conversion_factors' did not receive any data during this load and therefore could not have their types inferred:
  - _assign
  - _comments
  - _liked_by
  - _user_tags

Unless type hints are provided, these columns will not be materialized in the destination.
One way to provide type hints is to use the 'columns' argument in the '@dlt.resource' decorator.  For example:

@dlt.resource(columns={'_assign': {'data_type': 'text'}})

[32m2026-05-06 14:57:33 +0700[0m - dagster - [34mDEBUG[0m - ingestion__frappe__erpnext__master_data_batch__job - 8c5b5397-0041-4ea2-9d95-59e3f0970688 - 75280 - frappe_dlt_assets - STEP_OUTPUT - Yielded output "ingestion__frappe__erpnext__uom_conversion_factors" of type "Nothing". (Type check passed).
[32m2026-05-06 14:57:33 +0700[0m - dagster - [34mDEBUG[0m - ingestion__frappe__erpnext__master_data_batch__job - 8c5b5397-0041-4ea2-9d95-59e3f0970688 - 75280 - frappe_dlt_assets - ASSET_MATERIALIZATION - Materialized value ingestion frappe erpnext uom_conversion_factors.
[32m2026-05-06 14:57:33 +0700[0m - dagster - [34mDEBUG[0m - ingestion__frappe__erpnext__master_data_batch__job - 8c5b5397-0041-4ea2-9d95-59e3f0970688 - 75280 - frappe_dlt_assets - STEP_SUCCESS - Finished execution of step "frappe_dlt_assets" in 1m48s.
