[32m2026-05-06 14:54:34 +0700[0m - dagster - [34mDEBUG[0m - ingestion__frappe__erpnext__lead_products_opportunities_batch__job - da253911-2395-4821-9ba5-c9188de43cc4 - 69714 - LOGS_CAPTURED - Started capturing logs in process (pid: 69714).
[32m2026-05-06 14:54:34 +0700[0m - dagster - [34mDEBUG[0m - ingestion__frappe__erpnext__lead_products_opportunities_batch__job - da253911-2395-4821-9ba5-c9188de43cc4 - 69714 - frappe_dlt_assets - STEP_START - Started execution of step "frappe_dlt_assets".
[32m2026-05-06 14:54:34 +0700[0m - dagster - [34mINFO[0m - ingestion__frappe__erpnext__lead_products_opportunities_batch__job - da253911-2395-4821-9ba5-c9188de43cc4 - frappe_dlt_assets - Running Frappe resource=lead_products with start_date=2024-04-20 end_date=None full_refresh=True pipeline_name=frappe_erpnext_lead_products
/Users/nam/Data/Jemmia/data-platform/.venv/lib/python3.10/site-packages/dlt/pipeline/progress.py:27: UserWarning: psutil dependency is not installed and memory stats will not be available. Add psutil to your environment or pass dump_system_stats=False to disable this warning.
  return log()
2026-05-06 14:54:35,576|[WARNING]|69714|8107187264|dlt|validate.py|verify_normalized_table:113|In schema `frappe`: The following columns in table 'lead_products' did not receive any data during this load and therefore could not have their types inferred:
  - _assign
  - _comments
  - _liked_by
  - _user_tags

Unless type hints are provided, these columns will not be materialized in the destination.
One way to provide type hints is to use the 'columns' argument in the '@dlt.resource' decorator.  For example:

@dlt.resource(columns={'_assign': {'data_type': 'text'}})

[32m2026-05-06 14:54:37 +0700[0m - dagster - [34mDEBUG[0m - ingestion__frappe__erpnext__lead_products_opportunities_batch__job - da253911-2395-4821-9ba5-c9188de43cc4 - 69714 - frappe_dlt_assets - STEP_OUTPUT - Yielded output "ingestion__frappe__erpnext__lead_products" of type "Nothing". (Type check passed).
[32m2026-05-06 14:54:37 +0700[0m - dagster - [34mDEBUG[0m - ingestion__frappe__erpnext__lead_products_opportunities_batch__job - da253911-2395-4821-9ba5-c9188de43cc4 - 69714 - frappe_dlt_assets - ASSET_MATERIALIZATION - Materialized value ingestion frappe erpnext lead_products.
[32m2026-05-06 14:54:37 +0700[0m - dagster - [34mINFO[0m - ingestion__frappe__erpnext__lead_products_opportunities_batch__job - da253911-2395-4821-9ba5-c9188de43cc4 - frappe_dlt_assets - Running Frappe resource=opportunities with start_date=2024-04-20 end_date=None full_refresh=True pipeline_name=frappe_erpnext_opportunities
/Users/nam/Data/Jemmia/data-platform/.venv/lib/python3.10/site-packages/dlt/pipeline/progress.py:27: UserWarning: psutil dependency is not installed and memory stats will not be available. Add psutil to your environment or pass dump_system_stats=False to disable this warning.
  return log()
2026-05-06 14:54:38,126|[WARNING]|69714|8107187264|dlt|validate.py|verify_normalized_table:113|In schema `frappe`: The following columns in table 'opportunities' did not receive any data during this load and therefore could not have their types inferred:
  - _comments
  - _liked_by
  - _user_tags
  - address_display
  - amended_from
  - campaign
  - city
  - contact_email
  - customer_address
  - customer_group
  - demand_notes
  - expected_closing
  - first_response_time
  - industry
  - job_title
  - market_segment
  - order_lost_reason
  - phone_ext
  - state
  - territory
  - utm_campaign
  - utm_content
  - utm_medium
  - utm_source
  - website
  - whatsapp

Unless type hints are provided, these columns will not be materialized in the destination.
One way to provide type hints is to use the 'columns' argument in the '@dlt.resource' decorator.  For example:

@dlt.resource(columns={'_comments': {'data_type': 'text'}})

[32m2026-05-06 14:54:39 +0700[0m - dagster - [34mDEBUG[0m - ingestion__frappe__erpnext__lead_products_opportunities_batch__job - da253911-2395-4821-9ba5-c9188de43cc4 - 69714 - frappe_dlt_assets - STEP_OUTPUT - Yielded output "ingestion__frappe__erpnext__opportunities" of type "Nothing". (Type check passed).
[32m2026-05-06 14:54:39 +0700[0m - dagster - [34mDEBUG[0m - ingestion__frappe__erpnext__lead_products_opportunities_batch__job - da253911-2395-4821-9ba5-c9188de43cc4 - 69714 - frappe_dlt_assets - ASSET_MATERIALIZATION - Materialized value ingestion frappe erpnext opportunities.
[32m2026-05-06 14:54:39 +0700[0m - dagster - [34mDEBUG[0m - ingestion__frappe__erpnext__lead_products_opportunities_batch__job - da253911-2395-4821-9ba5-c9188de43cc4 - 69714 - frappe_dlt_assets - STEP_SUCCESS - Finished execution of step "frappe_dlt_assets" in 5.62s.
