[32m2026-05-06 14:54:59 +0700[0m - dagster - [34mDEBUG[0m - ingestion__frappe__erpnext__sales_orders__job - fde50934-1eda-43a0-bd45-762d170040ee - 75088 - LOGS_CAPTURED - Started capturing logs in process (pid: 75088).
[32m2026-05-06 14:54:59 +0700[0m - dagster - [34mDEBUG[0m - ingestion__frappe__erpnext__sales_orders__job - fde50934-1eda-43a0-bd45-762d170040ee - 75088 - frappe_dlt_assets - STEP_START - Started execution of step "frappe_dlt_assets".
[32m2026-05-06 14:55:00 +0700[0m - dagster - [34mINFO[0m - ingestion__frappe__erpnext__sales_orders__job - fde50934-1eda-43a0-bd45-762d170040ee - frappe_dlt_assets - Running Frappe resource=sales_order_items with start_date=2024-04-20 end_date=None full_refresh=True pipeline_name=frappe_erpnext_sales_order_items
/Users/nam/Data/Jemmia/data-platform/.venv/lib/python3.10/site-packages/dlt/pipeline/progress.py:27: UserWarning: psutil dependency is not installed and memory stats will not be available. Add psutil to your environment or pass dump_system_stats=False to disable this warning.
  return log()
2026-05-06 14:55:26,461|[WARNING]|75088|8107187264|dlt|validate.py|verify_normalized_table:113|In schema `frappe`: The following columns in table 'sales_order_items' did not receive any data during this load and therefore could not have their types inferred:
  - additional_notes
  - blanket_order
  - bom_no
  - brand
  - customer_item_code
  - delivery_date
  - description
  - fg_item
  - item_code
  - item_group
  - item_tax_template
  - material_request
  - material_request_item
  - prevdoc_docname
  - project
  - purchase_order
  - purchase_order_item
  - quotation_item
  - supplier
  - target_warehouse
  - warehouse

Unless type hints are provided, these columns will not be materialized in the destination.
One way to provide type hints is to use the 'columns' argument in the '@dlt.resource' decorator.  For example:

@dlt.resource(columns={'additional_notes': {'data_type': 'text'}})

[32m2026-05-06 14:56:13 +0700[0m - dagster - [34mDEBUG[0m - ingestion__frappe__erpnext__sales_orders__job - fde50934-1eda-43a0-bd45-762d170040ee - 75088 - frappe_dlt_assets - STEP_OUTPUT - Yielded output "ingestion__frappe__erpnext__sales_order_items" of type "Nothing". (Type check passed).
[32m2026-05-06 14:56:13 +0700[0m - dagster - [34mDEBUG[0m - ingestion__frappe__erpnext__sales_orders__job - fde50934-1eda-43a0-bd45-762d170040ee - 75088 - frappe_dlt_assets - ASSET_MATERIALIZATION - Materialized value ingestion frappe erpnext sales_order_items.
[32m2026-05-06 14:56:13 +0700[0m - dagster - [34mINFO[0m - ingestion__frappe__erpnext__sales_orders__job - fde50934-1eda-43a0-bd45-762d170040ee - frappe_dlt_assets - Running Frappe resource=sales_orders with start_date=2024-04-20 end_date=None full_refresh=True pipeline_name=frappe_erpnext_sales_orders
/Users/nam/Data/Jemmia/data-platform/.venv/lib/python3.10/site-packages/dlt/pipeline/progress.py:27: UserWarning: psutil dependency is not installed and memory stats will not be available. Add psutil to your environment or pass dump_system_stats=False to disable this warning.
  return log()
2026-05-06 14:56:27,265|[WARNING]|75088|8107187264|dlt|validate.py|verify_normalized_table:113|In schema `frappe`: The following columns in table 'sales_orders' did not receive any data during this load and therefore could not have their types inferred:
  - _user_tags
  - amended_from
  - auto_repeat
  - campaign
  - company_address
  - company_address_display
  - company_contact_person
  - cost_center
  - coupon_code
  - customer_group
  - delivery_date
  - deposit_in_words
  - dispatch_address
  - dispatch_address_name
  - from_date
  - incoterm
  - inter_company_order_reference
  - invoice_date
  - invoice_location
  - named_place
  - other_charges_calculation
  - payment_completion_date
  - payment_terms_template
  - po_date
  - po_no
  - product_category
  - project
  - represents_company
  - sales_partner
  - scan_barcode
  - select_print_heading
  - set_warehouse
  - shipping_address
  - shipping_address_name
  - shipping_rule
  - source
  - tax_id
  - taxes_and_charges
  - tc_name
  - terms
  - territory
  - to_date
  - utm_campaign
  - utm_content
  - utm_medium
  - utm_source

Unless type hints are provided, these columns will not be materialized in the destination.
One way to provide type hints is to use the 'columns' argument in the '@dlt.resource' decorator.  For example:

@dlt.resource(columns={'_user_tags': {'data_type': 'text'}})

[32m2026-05-06 14:56:33 +0700[0m - dagster - [34mDEBUG[0m - ingestion__frappe__erpnext__sales_orders__job - fde50934-1eda-43a0-bd45-762d170040ee - 75088 - frappe_dlt_assets - STEP_OUTPUT - Yielded output "ingestion__frappe__erpnext__sales_orders" of type "Nothing". (Type check passed).
[32m2026-05-06 14:56:33 +0700[0m - dagster - [34mDEBUG[0m - ingestion__frappe__erpnext__sales_orders__job - fde50934-1eda-43a0-bd45-762d170040ee - 75088 - frappe_dlt_assets - ASSET_MATERIALIZATION - Materialized value ingestion frappe erpnext sales_orders.
[32m2026-05-06 14:56:33 +0700[0m - dagster - [34mDEBUG[0m - ingestion__frappe__erpnext__sales_orders__job - fde50934-1eda-43a0-bd45-762d170040ee - 75088 - frappe_dlt_assets - STEP_SUCCESS - Finished execution of step "frappe_dlt_assets" in 1m34s.
