-------------------------------- Extract frappe --------------------------------
Resources: 0/1 (0.0%) | Time: 0.00s | Rate: 0.00/s

-------------------------------- Extract frappe --------------------------------
Resources: 0/1 (0.0%) | Time: 1.75s | Rate: 0.00/s
sales_order_items: 1  | Time: 0.00s | Rate: 262144.00/s

-------------------------------- Extract frappe --------------------------------
Resources: 0/1 (0.0%) | Time: 3.25s | Rate: 0.00/s
sales_order_items: 2001  | Time: 1.50s | Rate: 1335.39/s

-------------------------------- Extract frappe --------------------------------
Resources: 0/1 (0.0%) | Time: 4.44s | Rate: 0.00/s
sales_order_items: 4001  | Time: 2.69s | Rate: 1489.09/s

-------------------------------- Extract frappe --------------------------------
Resources: 0/1 (0.0%) | Time: 5.86s | Rate: 0.00/s
sales_order_items: 7001  | Time: 4.10s | Rate: 1705.75/s

-------------------------------- Extract frappe --------------------------------
Resources: 0/1 (0.0%) | Time: 6.93s | Rate: 0.00/s
sales_order_items: 10000  | Time: 5.17s | Rate: 1932.72/s

-------------------------------- Extract frappe --------------------------------
Resources: 0/1 (0.0%) | Time: 7.97s | Rate: 0.00/s
sales_order_items: 12001  | Time: 6.22s | Rate: 1930.26/s

-------------------------------- Extract frappe --------------------------------
Resources: 0/1 (0.0%) | Time: 9.12s | Rate: 0.00/s
sales_order_items: 15001  | Time: 7.36s | Rate: 2036.91/s

-------------------------------- Extract frappe --------------------------------
Resources: 0/1 (0.0%) | Time: 10.39s | Rate: 0.00/s
sales_order_items: 19001  | Time: 8.64s | Rate: 2199.62/s

-------------------------------- Extract frappe --------------------------------
Resources: 0/1 (0.0%) | Time: 11.47s | Rate: 0.00/s
sales_order_items: 22001  | Time: 9.71s | Rate: 2264.76/s

-------------------------------- Extract frappe --------------------------------
Resources: 0/1 (0.0%) | Time: 12.65s | Rate: 0.00/s
sales_order_items: 25001  | Time: 10.90s | Rate: 2293.25/s

-------------------------------- Extract frappe --------------------------------
Resources: 0/1 (0.0%) | Time: 13.88s | Rate: 0.00/s
sales_order_items: 29001  | Time: 12.13s | Rate: 2391.24/s

-------------------------------- Extract frappe --------------------------------
Resources: 0/1 (0.0%) | Time: 15.15s | Rate: 0.00/s
sales_order_items: 33001  | Time: 13.40s | Rate: 2462.09/s

-------------------------------- Extract frappe --------------------------------
Resources: 0/1 (0.0%) | Time: 16.16s | Rate: 0.00/s
sales_order_items: 36001  | Time: 14.41s | Rate: 2498.11/s

-------------------------------- Extract frappe --------------------------------
Resources: 0/1 (0.0%) | Time: 17.20s | Rate: 0.00/s
sales_order_items: 40000  | Time: 15.44s | Rate: 2589.86/s

-------------------------------- Extract frappe --------------------------------
Resources: 1/1 (100.0%) | Time: 17.99s | Rate: 0.06/s
sales_order_items: 42473  | Time: 16.24s | Rate: 2614.87/s

-------------------------------- Extract frappe --------------------------------
Resources: 0/1 (0.0%) | Time: 0.00s | Rate: 0.00/s

-------------------------------- Extract frappe --------------------------------
Resources: 0/1 (0.0%) | Time: 0.00s | Rate: 0.00/s
_dlt_pipeline_state: 1  | Time: 0.00s | Rate: 322638.77/s

-------------------------------- Extract frappe --------------------------------
Resources: 1/1 (100.0%) | Time: 0.01s | Rate: 72.27/s
_dlt_pipeline_state: 1  | Time: 0.01s | Rate: 84.75/s

-------------------- Normalize frappe in 1778054100.823223 ---------------------
Files: 0/2 (0.0%) | Time: 0.00s | Rate: 0.00/s

-------------------- Normalize frappe in 1778054100.823223 ---------------------
Files: 0/2 (0.0%) | Time: 0.01s | Rate: 0.00/s
_dlt_pipeline_state: 0  | Time: 0.00s | Rate: 0.00/s

-------------------- Normalize frappe in 1778054100.823223 ---------------------
Files: 1/2 (50.0%) | Time: 0.01s | Rate: 117.62/s
_dlt_pipeline_state: 1  | Time: 0.00s | Rate: 574.01/s
sales_order_items: 0  | Time: 0.00s | Rate: 0.00/s

-------------------- Normalize frappe in 1778054100.823223 ---------------------
Files: 1/2 (50.0%) | Time: 1.03s | Rate: 0.97/s
_dlt_pipeline_state: 1  | Time: 1.03s | Rate: 0.97/s
sales_order_items: 5000  | Time: 1.03s | Rate: 4871.95/s

-------------------- Normalize frappe in 1778054100.823223 ---------------------
Files: 1/2 (50.0%) | Time: 2.76s | Rate: 0.36/s
_dlt_pipeline_state: 1  | Time: 2.75s | Rate: 0.36/s
sales_order_items: 15000  | Time: 2.75s | Rate: 5455.70/s

-------------------- Normalize frappe in 1778054100.823223 ---------------------
Files: 1/2 (50.0%) | Time: 4.32s | Rate: 0.23/s
_dlt_pipeline_state: 1  | Time: 4.31s | Rate: 0.23/s
sales_order_items: 25000  | Time: 4.31s | Rate: 5802.06/s

-------------------- Normalize frappe in 1778054100.823223 ---------------------
Files: 1/2 (50.0%) | Time: 5.94s | Rate: 0.17/s
_dlt_pipeline_state: 1  | Time: 5.93s | Rate: 0.17/s
sales_order_items: 35000  | Time: 5.93s | Rate: 5900.24/s

-------------------- Normalize frappe in 1778054100.823223 ---------------------
Files: 1/2 (50.0%) | Time: 7.51s | Rate: 0.13/s
_dlt_pipeline_state: 1  | Time: 7.50s | Rate: 0.13/s
sales_order_items: 42473  | Time: 7.50s | Rate: 5661.72/s

-------------------- Normalize frappe in 1778054100.823223 ---------------------
Files: 2/2 (100.0%) | Time: 7.55s | Rate: 0.27/s
_dlt_pipeline_state: 1  | Time: 7.54s | Rate: 0.13/s
sales_order_items: 42473  | Time: 7.54s | Rate: 5634.19/s

----------------------- Load frappe in 1778054100.823223 -----------------------
Jobs: 0/4 (0.0%) | Time: 0.00s | Rate: 0.00/s

----------------------- Load frappe in 1778054100.823223 -----------------------
Jobs: 0/4 (0.0%) | Time: 1.26s | Rate: 0.00/s

----------------------- Load frappe in 1778054100.823223 -----------------------
Jobs: 1/4 (25.0%) | Time: 4.01s | Rate: 0.25/s

----------------------- Load frappe in 1778054100.823223 -----------------------
Jobs: 2/4 (50.0%) | Time: 9.70s | Rate: 0.21/s

----------------------- Load frappe in 1778054100.823223 -----------------------
Jobs: 3/5 (60.0%) | Time: 45.72s | Rate: 0.07/s

----------------------- Load frappe in 1778054100.823223 -----------------------
Jobs: 4/5 (80.0%) | Time: 46.84s | Rate: 0.09/s

----------------------- Load frappe in 1778054100.823223 -----------------------
Jobs: 5/5 (100.0%) | Time: 47.15s | Rate: 0.11/s

-------------------------------- Extract frappe --------------------------------
Resources: 0/1 (0.0%) | Time: 0.00s | Rate: 0.00/s

-------------------------------- Extract frappe --------------------------------
Resources: 0/1 (0.0%) | Time: 0.83s | Rate: 0.00/s
sales_orders: 1  | Time: 0.00s | Rate: 246723.76/s

-------------------------------- Extract frappe --------------------------------
Resources: 0/1 (0.0%) | Time: 2.08s | Rate: 0.00/s
sales_orders: 3001  | Time: 1.25s | Rate: 2393.78/s

-------------------------------- Extract frappe --------------------------------
Resources: 0/1 (0.0%) | Time: 3.09s | Rate: 0.00/s
sales_orders: 5001  | Time: 2.26s | Rate: 2214.98/s

-------------------------------- Extract frappe --------------------------------
Resources: 0/1 (0.0%) | Time: 4.23s | Rate: 0.00/s
sales_orders: 8001  | Time: 3.40s | Rate: 2354.26/s

-------------------------------- Extract frappe --------------------------------
Resources: 0/1 (0.0%) | Time: 5.47s | Rate: 0.00/s
sales_orders: 11001  | Time: 4.64s | Rate: 2371.99/s

-------------------------------- Extract frappe --------------------------------
Resources: 0/1 (0.0%) | Time: 6.67s | Rate: 0.00/s
sales_orders: 14001  | Time: 5.84s | Rate: 2396.56/s

-------------------------------- Extract frappe --------------------------------
Resources: 1/1 (100.0%) | Time: 7.41s | Rate: 0.14/s
sales_orders: 15630  | Time: 6.58s | Rate: 2376.50/s

-------------------------------- Extract frappe --------------------------------
Resources: 0/1 (0.0%) | Time: 0.00s | Rate: 0.00/s

-------------------------------- Extract frappe --------------------------------
Resources: 0/1 (0.0%) | Time: 0.00s | Rate: 0.00/s
_dlt_pipeline_state: 1  | Time: 0.00s | Rate: 246723.76/s

-------------------------------- Extract frappe --------------------------------
Resources: 1/1 (100.0%) | Time: 0.02s | Rate: 63.06/s
_dlt_pipeline_state: 1  | Time: 0.01s | Rate: 71.26/s

-------------------- Normalize frappe in 1778054174.465607 ---------------------
Files: 0/2 (0.0%) | Time: 0.00s | Rate: 0.00/s

-------------------- Normalize frappe in 1778054174.465607 ---------------------
Files: 0/2 (0.0%) | Time: 0.01s | Rate: 0.00/s
sales_orders: 0  | Time: 0.00s | Rate: 0.00/s

-------------------- Normalize frappe in 1778054174.465607 ---------------------
Files: 0/2 (0.0%) | Time: 1.76s | Rate: 0.00/s
sales_orders: 5000  | Time: 1.74s | Rate: 2866.21/s

-------------------- Normalize frappe in 1778054174.465607 ---------------------
Files: 0/2 (0.0%) | Time: 3.14s | Rate: 0.00/s
sales_orders: 10000  | Time: 3.12s | Rate: 3201.10/s

-------------------- Normalize frappe in 1778054174.465607 ---------------------
Files: 0/2 (0.0%) | Time: 4.64s | Rate: 0.00/s
sales_orders: 15000  | Time: 4.63s | Rate: 3242.71/s

-------------------- Normalize frappe in 1778054174.465607 ---------------------
Files: 1/2 (50.0%) | Time: 4.76s | Rate: 0.21/s
sales_orders: 15630  | Time: 4.75s | Rate: 3292.77/s
_dlt_pipeline_state: 0  | Time: 0.00s | Rate: 0.00/s

-------------------- Normalize frappe in 1778054174.465607 ---------------------
Files: 2/2 (100.0%) | Time: 5.28s | Rate: 0.38/s
sales_orders: 15630  | Time: 5.26s | Rate: 2968.68/s
_dlt_pipeline_state: 1  | Time: 0.52s | Rate: 1.93/s

----------------------- Load frappe in 1778054174.465607 -----------------------
Jobs: 0/4 (0.0%) | Time: 0.00s | Rate: 0.00/s

----------------------- Load frappe in 1778054174.465607 -----------------------
Jobs: 0/4 (0.0%) | Time: 1.01s | Rate: 0.00/s

----------------------- Load frappe in 1778054174.465607 -----------------------
Jobs: 1/4 (25.0%) | Time: 2.51s | Rate: 0.40/s

----------------------- Load frappe in 1778054174.465607 -----------------------
Jobs: 3/5 (60.0%) | Time: 5.24s | Rate: 0.57/s

----------------------- Load frappe in 1778054174.465607 -----------------------
Jobs: 5/5 (100.0%) | Time: 6.21s | Rate: 0.80/s

