-------------------------------- Extract frappe --------------------------------
Resources: 0/1 (0.0%) | Time: 0.00s | Rate: 0.00/s

-------------------------------- Extract frappe --------------------------------
Resources: 0/1 (0.0%) | Time: 0.33s | Rate: 0.00/s
property_setters: 1  | Time: 0.00s | Rate: 199728.76/s

-------------------------------- Extract frappe --------------------------------
Resources: 1/1 (100.0%) | Time: 0.36s | Rate: 2.78/s
property_setters: 266  | Time: 0.03s | Rate: 9694.61/s

-------------------------------- Extract frappe --------------------------------
Resources: 0/1 (0.0%) | Time: 0.00s | Rate: 0.00/s

-------------------------------- Extract frappe --------------------------------
Resources: 0/1 (0.0%) | Time: 0.00s | Rate: 0.00/s
_dlt_pipeline_state: 1  | Time: 0.00s | Rate: 381300.36/s

-------------------------------- Extract frappe --------------------------------
Resources: 1/1 (100.0%) | Time: 0.02s | Rate: 63.25/s
_dlt_pipeline_state: 1  | Time: 0.01s | Rate: 71.59/s

-------------------- Normalize frappe in 1778054047.066729 ---------------------
Files: 0/2 (0.0%) | Time: 0.00s | Rate: 0.00/s

-------------------- Normalize frappe in 1778054047.066729 ---------------------
Files: 0/2 (0.0%) | Time: 0.01s | Rate: 0.00/s
property_setters: 0  | Time: 0.00s | Rate: 0.00/s

-------------------- Normalize frappe in 1778054047.066729 ---------------------
Files: 1/2 (50.0%) | Time: 0.03s | Rate: 33.61/s
property_setters: 266  | Time: 0.02s | Rate: 11650.72/s
_dlt_pipeline_state: 0  | Time: 0.00s | Rate: 0.00/s

-------------------- Normalize frappe in 1778054047.066729 ---------------------
Files: 2/2 (100.0%) | Time: 0.04s | Rate: 46.89/s
property_setters: 266  | Time: 0.04s | Rate: 7444.25/s
_dlt_pipeline_state: 1  | Time: 0.01s | Rate: 77.49/s

----------------------- Load frappe in 1778054047.066729 -----------------------
Jobs: 0/2 (0.0%) | Time: 0.00s | Rate: 0.00/s

----------------------- Load frappe in 1778054047.066729 -----------------------
Jobs: 0/2 (0.0%) | Time: 1.07s | Rate: 0.00/s

----------------------- Load frappe in 1778054047.066729 -----------------------
Jobs: 3/3 (100.0%) | Time: 1.65s | Rate: 1.82/s

