-------------------------------- Extract frappe --------------------------------
Resources: 0/1 (0.0%) | Time: 0.00s | Rate: 0.00/s

-------------------------------- Extract frappe --------------------------------
Resources: 0/1 (0.0%) | Time: 1.12s | Rate: 0.00/s
contacts: 1  | Time: 0.00s | Rate: 209715.20/s

-------------------------------- Extract frappe --------------------------------
Resources: 0/1 (0.0%) | Time: 2.90s | Rate: 0.00/s
contacts: 2001  | Time: 1.77s | Rate: 1127.57/s

-------------------------------- Extract frappe --------------------------------
Resources: 0/1 (0.0%) | Time: 4.65s | Rate: 0.00/s
contacts: 4001  | Time: 3.53s | Rate: 1133.72/s

-------------------------------- Extract frappe --------------------------------
Resources: 0/1 (0.0%) | Time: 6.48s | Rate: 0.00/s
contacts: 6001  | Time: 5.35s | Rate: 1120.64/s

-------------------------------- Extract frappe --------------------------------
Resources: 0/1 (0.0%) | Time: 8.17s | Rate: 0.00/s
contacts: 8001  | Time: 7.05s | Rate: 1134.89/s

-------------------------------- Extract frappe --------------------------------
Resources: 0/1 (0.0%) | Time: 9.97s | Rate: 0.00/s
contacts: 10001  | Time: 8.85s | Rate: 1130.53/s

-------------------------------- Extract frappe --------------------------------
Resources: 0/1 (0.0%) | Time: 11.75s | Rate: 0.00/s
contacts: 12001  | Time: 10.62s | Rate: 1129.75/s

-------------------------------- Extract frappe --------------------------------
Resources: 0/1 (0.0%) | Time: 13.47s | Rate: 0.00/s
contacts: 14001  | Time: 12.34s | Rate: 1134.21/s

-------------------------------- Extract frappe --------------------------------
Resources: 0/1 (0.0%) | Time: 15.21s | Rate: 0.00/s
contacts: 16001  | Time: 14.08s | Rate: 1136.08/s

-------------------------------- Extract frappe --------------------------------
Resources: 0/1 (0.0%) | Time: 17.00s | Rate: 0.00/s
contacts: 18001  | Time: 15.88s | Rate: 1133.72/s

-------------------------------- Extract frappe --------------------------------
Resources: 0/1 (0.0%) | Time: 18.00s | Rate: 0.00/s
contacts: 19219  | Time: 16.88s | Rate: 1138.70/s

-------------------------------- Extract frappe --------------------------------
Resources: 0/1 (0.0%) | Time: 19.19s | Rate: 0.00/s
contacts: 20001  | Time: 18.07s | Rate: 1107.15/s

-------------------------------- Extract frappe --------------------------------
Resources: 0/1 (0.0%) | Time: 20.21s | Rate: 0.00/s
contacts: 21001  | Time: 19.08s | Rate: 1100.44/s

-------------------------------- Extract frappe --------------------------------
Resources: 0/1 (0.0%) | Time: 21.35s | Rate: 0.00/s
contacts: 22001  | Time: 20.23s | Rate: 1087.64/s

-------------------------------- Extract frappe --------------------------------
Resources: 0/1 (0.0%) | Time: 23.21s | Rate: 0.00/s
contacts: 24001  | Time: 22.09s | Rate: 1086.66/s

-------------------------------- Extract frappe --------------------------------
Resources: 0/1 (0.0%) | Time: 24.35s | Rate: 0.00/s
contacts: 25001  | Time: 23.22s | Rate: 1076.62/s

-------------------------------- Extract frappe --------------------------------
Resources: 0/1 (0.0%) | Time: 25.39s | Rate: 0.00/s
contacts: 26001  | Time: 24.26s | Rate: 1071.61/s

-------------------------------- Extract frappe --------------------------------
Resources: 0/1 (0.0%) | Time: 26.42s | Rate: 0.00/s
contacts: 27001  | Time: 25.30s | Rate: 1067.44/s

-------------------------------- Extract frappe --------------------------------
Resources: 0/1 (0.0%) | Time: 27.49s | Rate: 0.00/s
contacts: 28001  | Time: 26.37s | Rate: 1061.83/s

-------------------------------- Extract frappe --------------------------------
Resources: 0/1 (0.0%) | Time: 28.56s | Rate: 0.00/s
contacts: 30000  | Time: 27.43s | Rate: 1093.61/s

-------------------------------- Extract frappe --------------------------------
Resources: 0/1 (0.0%) | Time: 30.46s | Rate: 0.00/s
contacts: 31001  | Time: 29.34s | Rate: 1056.77/s

-------------------------------- Extract frappe --------------------------------
Resources: 0/1 (0.0%) | Time: 32.23s | Rate: 0.00/s
contacts: 33001  | Time: 31.11s | Rate: 1060.87/s

-------------------------------- Extract frappe --------------------------------
Resources: 0/1 (0.0%) | Time: 33.33s | Rate: 0.00/s
contacts: 35000  | Time: 32.20s | Rate: 1086.92/s

-------------------------------- Extract frappe --------------------------------
Resources: 0/1 (0.0%) | Time: 35.06s | Rate: 0.00/s
contacts: 36001  | Time: 33.93s | Rate: 1060.99/s

-------------------------------- Extract frappe --------------------------------
Resources: 0/1 (0.0%) | Time: 36.82s | Rate: 0.00/s
contacts: 38001  | Time: 35.69s | Rate: 1064.63/s

-------------------------------- Extract frappe --------------------------------
Resources: 0/1 (0.0%) | Time: 37.90s | Rate: 0.00/s
contacts: 40000  | Time: 36.77s | Rate: 1087.73/s

-------------------------------- Extract frappe --------------------------------
Resources: 0/1 (0.0%) | Time: 39.66s | Rate: 0.00/s
contacts: 41001  | Time: 38.54s | Rate: 1063.86/s

-------------------------------- Extract frappe --------------------------------
Resources: 0/1 (0.0%) | Time: 41.42s | Rate: 0.00/s
contacts: 43001  | Time: 40.30s | Rate: 1067.02/s

-------------------------------- Extract frappe --------------------------------
Resources: 0/1 (0.0%) | Time: 42.45s | Rate: 0.00/s
contacts: 44001  | Time: 41.33s | Rate: 1064.74/s

-------------------------------- Extract frappe --------------------------------
Resources: 0/1 (0.0%) | Time: 43.45s | Rate: 0.00/s
contacts: 45209  | Time: 42.33s | Rate: 1068.13/s

-------------------------------- Extract frappe --------------------------------
Resources: 0/1 (0.0%) | Time: 45.18s | Rate: 0.00/s
contacts: 47001  | Time: 44.06s | Rate: 1066.78/s

-------------------------------- Extract frappe --------------------------------
Resources: 0/1 (0.0%) | Time: 46.94s | Rate: 0.00/s
contacts: 49001  | Time: 45.82s | Rate: 1069.47/s

-------------------------------- Extract frappe --------------------------------
Resources: 0/1 (0.0%) | Time: 48.04s | Rate: 0.00/s
contacts: 50001  | Time: 46.92s | Rate: 1065.78/s

-------------------------------- Extract frappe --------------------------------
Resources: 0/1 (0.0%) | Time: 49.38s | Rate: 0.00/s
contacts: 51001  | Time: 48.26s | Rate: 1056.80/s

-------------------------------- Extract frappe --------------------------------
Resources: 0/1 (0.0%) | Time: 51.07s | Rate: 0.00/s
contacts: 53001  | Time: 49.94s | Rate: 1061.27/s

-------------------------------- Extract frappe --------------------------------
Resources: 0/1 (0.0%) | Time: 52.13s | Rate: 0.00/s
contacts: 55000  | Time: 51.01s | Rate: 1078.32/s

-------------------------------- Extract frappe --------------------------------
Resources: 0/1 (0.0%) | Time: 53.77s | Rate: 0.00/s
contacts: 56001  | Time: 52.64s | Rate: 1063.76/s

-------------------------------- Extract frappe --------------------------------
Resources: 0/1 (0.0%) | Time: 54.94s | Rate: 0.00/s
contacts: 57001  | Time: 53.82s | Rate: 1059.10/s

-------------------------------- Extract frappe --------------------------------
Resources: 0/1 (0.0%) | Time: 56.90s | Rate: 0.00/s
contacts: 59001  | Time: 55.78s | Rate: 1057.83/s

-------------------------------- Extract frappe --------------------------------
Resources: 0/1 (0.0%) | Time: 58.01s | Rate: 0.00/s
contacts: 60001  | Time: 56.88s | Rate: 1054.78/s

-------------------------------- Extract frappe --------------------------------
Resources: 0/1 (0.0%) | Time: 59.77s | Rate: 0.00/s
contacts: 62001  | Time: 58.64s | Rate: 1057.25/s

-------------------------------- Extract frappe --------------------------------
Resources: 0/1 (0.0%) | Time: 61.50s | Rate: 0.00/s
contacts: 64001  | Time: 60.38s | Rate: 1060.00/s

-------------------------------- Extract frappe --------------------------------
Resources: 0/1 (0.0%) | Time: 62.53s | Rate: 0.00/s
contacts: 65001  | Time: 61.41s | Rate: 1058.48/s

-------------------------------- Extract frappe --------------------------------
Resources: 0/1 (0.0%) | Time: 64.27s | Rate: 0.00/s
contacts: 67001  | Time: 63.14s | Rate: 1061.11/s

-------------------------------- Extract frappe --------------------------------
Resources: 0/1 (0.0%) | Time: 65.95s | Rate: 0.00/s
contacts: 69001  | Time: 64.83s | Rate: 1064.41/s

-------------------------------- Extract frappe --------------------------------
Resources: 0/1 (0.0%) | Time: 67.75s | Rate: 0.00/s
contacts: 71001  | Time: 66.63s | Rate: 1065.64/s

-------------------------------- Extract frappe --------------------------------
Resources: 0/1 (0.0%) | Time: 69.50s | Rate: 0.00/s
contacts: 73001  | Time: 68.38s | Rate: 1067.64/s

-------------------------------- Extract frappe --------------------------------
Resources: 0/1 (0.0%) | Time: 70.52s | Rate: 0.00/s
contacts: 75000  | Time: 69.39s | Rate: 1080.81/s

-------------------------------- Extract frappe --------------------------------
Resources: 0/1 (0.0%) | Time: 72.18s | Rate: 0.00/s
contacts: 76001  | Time: 71.06s | Rate: 1069.56/s

-------------------------------- Extract frappe --------------------------------
Resources: 0/1 (0.0%) | Time: 73.98s | Rate: 0.00/s
contacts: 78001  | Time: 72.86s | Rate: 1070.57/s

-------------------------------- Extract frappe --------------------------------
Resources: 0/1 (0.0%) | Time: 75.75s | Rate: 0.00/s
contacts: 80001  | Time: 74.62s | Rate: 1072.06/s

-------------------------------- Extract frappe --------------------------------
Resources: 0/1 (0.0%) | Time: 77.43s | Rate: 0.00/s
contacts: 82001  | Time: 76.30s | Rate: 1074.68/s

-------------------------------- Extract frappe --------------------------------
Resources: 0/1 (0.0%) | Time: 78.43s | Rate: 0.00/s
contacts: 83001  | Time: 77.31s | Rate: 1073.64/s

-------------------------------- Extract frappe --------------------------------
Resources: 0/1 (0.0%) | Time: 79.43s | Rate: 0.00/s
contacts: 84907  | Time: 78.31s | Rate: 1084.26/s

-------------------------------- Extract frappe --------------------------------
Resources: 0/1 (0.0%) | Time: 80.64s | Rate: 0.00/s
contacts: 85001  | Time: 79.52s | Rate: 1068.96/s

-------------------------------- Extract frappe --------------------------------
Resources: 0/1 (0.0%) | Time: 81.64s | Rate: 0.00/s
contacts: 86001  | Time: 80.52s | Rate: 1068.09/s

-------------------------------- Extract frappe --------------------------------
Resources: 0/1 (0.0%) | Time: 83.42s | Rate: 0.00/s
contacts: 88001  | Time: 82.29s | Rate: 1069.34/s

-------------------------------- Extract frappe --------------------------------
Resources: 0/1 (0.0%) | Time: 84.46s | Rate: 0.00/s
contacts: 90000  | Time: 83.33s | Rate: 1079.99/s

-------------------------------- Extract frappe --------------------------------
Resources: 0/1 (0.0%) | Time: 86.32s | Rate: 0.00/s
contacts: 91001  | Time: 85.19s | Rate: 1068.20/s

-------------------------------- Extract frappe --------------------------------
Resources: 0/1 (0.0%) | Time: 87.33s | Rate: 0.00/s
contacts: 92001  | Time: 86.20s | Rate: 1067.28/s

-------------------------------- Extract frappe --------------------------------
Resources: 0/1 (0.0%) | Time: 89.18s | Rate: 0.00/s
contacts: 94001  | Time: 88.06s | Rate: 1067.48/s

-------------------------------- Extract frappe --------------------------------
Resources: 0/1 (0.0%) | Time: 90.22s | Rate: 0.00/s
contacts: 95001  | Time: 89.09s | Rate: 1066.29/s

-------------------------------- Extract frappe --------------------------------
Resources: 0/1 (0.0%) | Time: 92.07s | Rate: 0.00/s
contacts: 97001  | Time: 90.94s | Rate: 1066.59/s

-------------------------------- Extract frappe --------------------------------
Resources: 0/1 (0.0%) | Time: 93.83s | Rate: 0.00/s
contacts: 99001  | Time: 92.70s | Rate: 1067.92/s

-------------------------------- Extract frappe --------------------------------
Resources: 0/1 (0.0%) | Time: 94.85s | Rate: 0.00/s
contacts: 100001  | Time: 93.73s | Rate: 1066.94/s

-------------------------------- Extract frappe --------------------------------
Resources: 0/1 (0.0%) | Time: 96.67s | Rate: 0.00/s
contacts: 102001  | Time: 95.54s | Rate: 1067.58/s

-------------------------------- Extract frappe --------------------------------
Resources: 0/1 (0.0%) | Time: 98.58s | Rate: 0.00/s
contacts: 104001  | Time: 97.45s | Rate: 1067.21/s

-------------------------------- Extract frappe --------------------------------
Resources: 0/1 (0.0%) | Time: 100.45s | Rate: 0.00/s
contacts: 106001  | Time: 99.33s | Rate: 1067.15/s

-------------------------------- Extract frappe --------------------------------
Resources: 0/1 (0.0%) | Time: 102.19s | Rate: 0.00/s
contacts: 108001  | Time: 101.07s | Rate: 1068.58/s

-------------------------------- Extract frappe --------------------------------
Resources: 0/1 (0.0%) | Time: 103.98s | Rate: 0.00/s
contacts: 110001  | Time: 102.86s | Rate: 1069.44/s

-------------------------------- Extract frappe --------------------------------
Resources: 0/1 (0.0%) | Time: 105.66s | Rate: 0.00/s
contacts: 112001  | Time: 104.54s | Rate: 1071.41/s

-------------------------------- Extract frappe --------------------------------
Resources: 0/1 (0.0%) | Time: 107.43s | Rate: 0.00/s
contacts: 114001  | Time: 106.31s | Rate: 1072.37/s

-------------------------------- Extract frappe --------------------------------
Resources: 0/1 (0.0%) | Time: 108.53s | Rate: 0.00/s
contacts: 115001  | Time: 107.40s | Rate: 1070.73/s

-------------------------------- Extract frappe --------------------------------
Resources: 0/1 (0.0%) | Time: 110.37s | Rate: 0.00/s
contacts: 117001  | Time: 109.25s | Rate: 1070.96/s

-------------------------------- Extract frappe --------------------------------
Resources: 0/1 (0.0%) | Time: 112.07s | Rate: 0.00/s
contacts: 119001  | Time: 110.94s | Rate: 1072.62/s

-------------------------------- Extract frappe --------------------------------
Resources: 0/1 (0.0%) | Time: 113.09s | Rate: 0.00/s
contacts: 120001  | Time: 111.96s | Rate: 1071.79/s

-------------------------------- Extract frappe --------------------------------
Resources: 0/1 (0.0%) | Time: 114.78s | Rate: 0.00/s
contacts: 122001  | Time: 113.65s | Rate: 1073.46/s

-------------------------------- Extract frappe --------------------------------
Resources: 0/1 (0.0%) | Time: 116.49s | Rate: 0.00/s
contacts: 124001  | Time: 115.37s | Rate: 1074.82/s

-------------------------------- Extract frappe --------------------------------
Resources: 0/1 (0.0%) | Time: 117.79s | Rate: 0.00/s
contacts: 125001  | Time: 116.67s | Rate: 1071.42/s

-------------------------------- Extract frappe --------------------------------
Resources: 0/1 (0.0%) | Time: 119.53s | Rate: 0.00/s
contacts: 127001  | Time: 118.40s | Rate: 1072.60/s

-------------------------------- Extract frappe --------------------------------
Resources: 0/1 (0.0%) | Time: 121.36s | Rate: 0.00/s
contacts: 129001  | Time: 120.23s | Rate: 1072.92/s

-------------------------------- Extract frappe --------------------------------
Resources: 0/1 (0.0%) | Time: 122.41s | Rate: 0.00/s
contacts: 130001  | Time: 121.29s | Rate: 1071.82/s

-------------------------------- Extract frappe --------------------------------
Resources: 0/1 (0.0%) | Time: 124.18s | Rate: 0.00/s
contacts: 132001  | Time: 123.06s | Rate: 1072.67/s

-------------------------------- Extract frappe --------------------------------
Resources: 0/1 (0.0%) | Time: 125.91s | Rate: 0.00/s
contacts: 134001  | Time: 124.79s | Rate: 1073.85/s

-------------------------------- Extract frappe --------------------------------
Resources: 0/1 (0.0%) | Time: 126.93s | Rate: 0.00/s
contacts: 135001  | Time: 125.81s | Rate: 1073.08/s

-------------------------------- Extract frappe --------------------------------
Resources: 0/1 (0.0%) | Time: 128.69s | Rate: 0.00/s
contacts: 137001  | Time: 127.56s | Rate: 1073.98/s

-------------------------------- Extract frappe --------------------------------
Resources: 0/1 (0.0%) | Time: 130.46s | Rate: 0.00/s
contacts: 139001  | Time: 129.33s | Rate: 1074.75/s

-------------------------------- Extract frappe --------------------------------
Resources: 0/1 (0.0%) | Time: 131.79s | Rate: 0.00/s
contacts: 140001  | Time: 130.66s | Rate: 1071.45/s

-------------------------------- Extract frappe --------------------------------
Resources: 0/1 (0.0%) | Time: 132.79s | Rate: 0.00/s
contacts: 141650  | Time: 131.66s | Rate: 1075.84/s

-------------------------------- Extract frappe --------------------------------
Resources: 0/1 (0.0%) | Time: 134.49s | Rate: 0.00/s
contacts: 143001  | Time: 133.37s | Rate: 1072.21/s

-------------------------------- Extract frappe --------------------------------
Resources: 0/1 (0.0%) | Time: 135.58s | Rate: 0.00/s
contacts: 145000  | Time: 134.45s | Rate: 1078.43/s

-------------------------------- Extract frappe --------------------------------
Resources: 0/1 (0.0%) | Time: 136.58s | Rate: 0.00/s
contacts: 145299  | Time: 135.45s | Rate: 1072.68/s

-------------------------------- Extract frappe --------------------------------
Resources: 0/1 (0.0%) | Time: 138.63s | Rate: 0.00/s
contacts: 147001  | Time: 137.51s | Rate: 1069.04/s

-------------------------------- Extract frappe --------------------------------
Resources: 0/1 (0.0%) | Time: 141.90s | Rate: 0.00/s
contacts: 148001  | Time: 140.77s | Rate: 1051.35/s

-------------------------------- Extract frappe --------------------------------
Resources: 0/1 (0.0%) | Time: 144.32s | Rate: 0.00/s
contacts: 149001  | Time: 143.19s | Rate: 1040.57/s

-------------------------------- Extract frappe --------------------------------
Resources: 0/1 (0.0%) | Time: 147.10s | Rate: 0.00/s
contacts: 150001  | Time: 145.98s | Rate: 1027.56/s

-------------------------------- Extract frappe --------------------------------
Resources: 0/1 (0.0%) | Time: 149.11s | Rate: 0.00/s
contacts: 151001  | Time: 147.98s | Rate: 1020.39/s

-------------------------------- Extract frappe --------------------------------
Resources: 0/1 (0.0%) | Time: 151.53s | Rate: 0.00/s
contacts: 152001  | Time: 150.40s | Rate: 1010.63/s

-------------------------------- Extract frappe --------------------------------
Resources: 0/1 (0.0%) | Time: 153.47s | Rate: 0.00/s
contacts: 153001  | Time: 152.34s | Rate: 1004.33/s

-------------------------------- Extract frappe --------------------------------
Resources: 0/1 (0.0%) | Time: 155.27s | Rate: 0.00/s
contacts: 154001  | Time: 154.14s | Rate: 999.07/s

-------------------------------- Extract frappe --------------------------------
Resources: 0/1 (0.0%) | Time: 156.84s | Rate: 0.00/s
contacts: 155001  | Time: 155.71s | Rate: 995.42/s

-------------------------------- Extract frappe --------------------------------
Resources: 0/1 (0.0%) | Time: 158.58s | Rate: 0.00/s
contacts: 156001  | Time: 157.46s | Rate: 990.76/s

-------------------------------- Extract frappe --------------------------------
Resources: 0/1 (0.0%) | Time: 159.92s | Rate: 0.00/s
contacts: 157001  | Time: 158.79s | Rate: 988.71/s

-------------------------------- Extract frappe --------------------------------
Resources: 0/1 (0.0%) | Time: 161.45s | Rate: 0.00/s
contacts: 158001  | Time: 160.33s | Rate: 985.50/s

-------------------------------- Extract frappe --------------------------------
Resources: 0/1 (0.0%) | Time: 162.80s | Rate: 0.00/s
contacts: 159001  | Time: 161.68s | Rate: 983.43/s

-------------------------------- Extract frappe --------------------------------
Resources: 0/1 (0.0%) | Time: 164.30s | Rate: 0.00/s
contacts: 160001  | Time: 163.17s | Rate: 980.57/s

-------------------------------- Extract frappe --------------------------------
Resources: 0/1 (0.0%) | Time: 165.40s | Rate: 0.00/s
contacts: 161001  | Time: 164.28s | Rate: 980.06/s

-------------------------------- Extract frappe --------------------------------
Resources: 0/1 (0.0%) | Time: 166.81s | Rate: 0.00/s
contacts: 162001  | Time: 165.69s | Rate: 977.74/s

-------------------------------- Extract frappe --------------------------------
Resources: 0/1 (0.0%) | Time: 168.51s | Rate: 0.00/s
contacts: 163001  | Time: 167.39s | Rate: 973.79/s

-------------------------------- Extract frappe --------------------------------
Resources: 0/1 (0.0%) | Time: 169.64s | Rate: 0.00/s
contacts: 164001  | Time: 168.52s | Rate: 973.20/s

-------------------------------- Extract frappe --------------------------------
Resources: 0/1 (0.0%) | Time: 170.82s | Rate: 0.00/s
contacts: 165001  | Time: 169.70s | Rate: 972.33/s

-------------------------------- Extract frappe --------------------------------
Resources: 0/1 (0.0%) | Time: 172.82s | Rate: 0.00/s
contacts: 167001  | Time: 171.70s | Rate: 972.65/s

-------------------------------- Extract frappe --------------------------------
Resources: 0/1 (0.0%) | Time: 173.90s | Rate: 0.00/s
contacts: 168001  | Time: 172.78s | Rate: 972.35/s

-------------------------------- Extract frappe --------------------------------
Resources: 0/1 (0.0%) | Time: 174.96s | Rate: 0.00/s
contacts: 169001  | Time: 173.84s | Rate: 972.18/s

-------------------------------- Extract frappe --------------------------------
Resources: 0/1 (0.0%) | Time: 176.02s | Rate: 0.00/s
contacts: 170001  | Time: 174.90s | Rate: 972.00/s

-------------------------------- Extract frappe --------------------------------
Resources: 0/1 (0.0%) | Time: 177.81s | Rate: 0.00/s
contacts: 172001  | Time: 176.69s | Rate: 973.46/s

-------------------------------- Extract frappe --------------------------------
Resources: 0/1 (0.0%) | Time: 178.86s | Rate: 0.00/s
contacts: 173001  | Time: 177.73s | Rate: 973.38/s

-------------------------------- Extract frappe --------------------------------
Resources: 0/1 (0.0%) | Time: 179.98s | Rate: 0.00/s
contacts: 175000  | Time: 178.86s | Rate: 978.42/s

-------------------------------- Extract frappe --------------------------------
Resources: 0/1 (0.0%) | Time: 181.66s | Rate: 0.00/s
contacts: 176001  | Time: 180.53s | Rate: 974.89/s

-------------------------------- Extract frappe --------------------------------
Resources: 0/1 (0.0%) | Time: 183.47s | Rate: 0.00/s
contacts: 178001  | Time: 182.34s | Rate: 976.18/s

-------------------------------- Extract frappe --------------------------------
Resources: 0/1 (0.0%) | Time: 184.51s | Rate: 0.00/s
contacts: 180000  | Time: 183.39s | Rate: 981.53/s

-------------------------------- Extract frappe --------------------------------
Resources: 0/1 (0.0%) | Time: 186.27s | Rate: 0.00/s
contacts: 181001  | Time: 185.15s | Rate: 977.60/s

-------------------------------- Extract frappe --------------------------------
Resources: 0/1 (0.0%) | Time: 188.19s | Rate: 0.00/s
contacts: 183001  | Time: 187.06s | Rate: 978.28/s

-------------------------------- Extract frappe --------------------------------
Resources: 0/1 (0.0%) | Time: 189.22s | Rate: 0.00/s
contacts: 184001  | Time: 188.09s | Rate: 978.24/s

-------------------------------- Extract frappe --------------------------------
Resources: 0/1 (0.0%) | Time: 190.32s | Rate: 0.00/s
contacts: 185001  | Time: 189.20s | Rate: 977.81/s

-------------------------------- Extract frappe --------------------------------
Resources: 0/1 (0.0%) | Time: 192.17s | Rate: 0.00/s
contacts: 187001  | Time: 191.05s | Rate: 978.83/s

-------------------------------- Extract frappe --------------------------------
Resources: 0/1 (0.0%) | Time: 194.48s | Rate: 0.00/s
contacts: 189001  | Time: 193.36s | Rate: 977.47/s

-------------------------------- Extract frappe --------------------------------
Resources: 0/1 (0.0%) | Time: 195.76s | Rate: 0.00/s
contacts: 190001  | Time: 194.64s | Rate: 976.17/s

-------------------------------- Extract frappe --------------------------------
Resources: 0/1 (0.0%) | Time: 196.79s | Rate: 0.00/s
contacts: 191001  | Time: 195.66s | Rate: 976.17/s

-------------------------------- Extract frappe --------------------------------
Resources: 0/1 (0.0%) | Time: 197.80s | Rate: 0.00/s
contacts: 192001  | Time: 196.68s | Rate: 976.22/s

-------------------------------- Extract frappe --------------------------------
Resources: 0/1 (0.0%) | Time: 198.80s | Rate: 0.00/s
contacts: 193060  | Time: 197.68s | Rate: 976.64/s

-------------------------------- Extract frappe --------------------------------
Resources: 0/1 (0.0%) | Time: 199.92s | Rate: 0.00/s
contacts: 194001  | Time: 198.79s | Rate: 975.90/s

-------------------------------- Extract frappe --------------------------------
Resources: 0/1 (0.0%) | Time: 201.40s | Rate: 0.00/s
contacts: 195001  | Time: 200.27s | Rate: 973.67/s

-------------------------------- Extract frappe --------------------------------
Resources: 0/1 (0.0%) | Time: 202.67s | Rate: 0.00/s
contacts: 196001  | Time: 201.55s | Rate: 972.48/s

-------------------------------- Extract frappe --------------------------------
Resources: 0/1 (0.0%) | Time: 203.83s | Rate: 0.00/s
contacts: 197001  | Time: 202.71s | Rate: 971.84/s

-------------------------------- Extract frappe --------------------------------
Resources: 0/1 (0.0%) | Time: 204.86s | Rate: 0.00/s
contacts: 198001  | Time: 203.74s | Rate: 971.84/s

-------------------------------- Extract frappe --------------------------------
Resources: 0/1 (0.0%) | Time: 205.94s | Rate: 0.00/s
contacts: 199001  | Time: 204.82s | Rate: 971.61/s

-------------------------------- Extract frappe --------------------------------
Resources: 0/1 (0.0%) | Time: 207.15s | Rate: 0.00/s
contacts: 200001  | Time: 206.02s | Rate: 970.78/s

-------------------------------- Extract frappe --------------------------------
Resources: 0/1 (0.0%) | Time: 208.15s | Rate: 0.00/s
contacts: 201078  | Time: 207.02s | Rate: 971.29/s

-------------------------------- Extract frappe --------------------------------
Resources: 0/1 (0.0%) | Time: 210.14s | Rate: 0.00/s
contacts: 203001  | Time: 209.01s | Rate: 971.24/s

-------------------------------- Extract frappe --------------------------------
Resources: 0/1 (0.0%) | Time: 211.26s | Rate: 0.00/s
contacts: 205000  | Time: 210.14s | Rate: 975.56/s

-------------------------------- Extract frappe --------------------------------
Resources: 0/1 (0.0%) | Time: 213.10s | Rate: 0.00/s
contacts: 206001  | Time: 211.97s | Rate: 971.83/s

-------------------------------- Extract frappe --------------------------------
Resources: 0/1 (0.0%) | Time: 215.01s | Rate: 0.00/s
contacts: 208001  | Time: 213.89s | Rate: 972.47/s

-------------------------------- Extract frappe --------------------------------
Resources: 0/1 (0.0%) | Time: 216.14s | Rate: 0.00/s
contacts: 210000  | Time: 215.02s | Rate: 976.66/s

-------------------------------- Extract frappe --------------------------------
Resources: 0/1 (0.0%) | Time: 217.89s | Rate: 0.00/s
contacts: 211001  | Time: 216.76s | Rate: 973.42/s

-------------------------------- Extract frappe --------------------------------
Resources: 0/1 (0.0%) | Time: 219.05s | Rate: 0.00/s
contacts: 212001  | Time: 217.93s | Rate: 972.80/s

-------------------------------- Extract frappe --------------------------------
Resources: 0/1 (0.0%) | Time: 220.82s | Rate: 0.00/s
contacts: 214001  | Time: 219.69s | Rate: 974.10/s

-------------------------------- Extract frappe --------------------------------
Resources: 0/1 (0.0%) | Time: 221.88s | Rate: 0.00/s
contacts: 215001  | Time: 220.75s | Rate: 973.95/s

-------------------------------- Extract frappe --------------------------------
Resources: 0/1 (0.0%) | Time: 223.55s | Rate: 0.00/s
contacts: 217001  | Time: 222.42s | Rate: 975.62/s

-------------------------------- Extract frappe --------------------------------
Resources: 0/1 (0.0%) | Time: 225.28s | Rate: 0.00/s
contacts: 219001  | Time: 224.15s | Rate: 977.01/s

-------------------------------- Extract frappe --------------------------------
Resources: 0/1 (0.0%) | Time: 226.36s | Rate: 0.00/s
contacts: 220001  | Time: 225.23s | Rate: 976.77/s

-------------------------------- Extract frappe --------------------------------
Resources: 0/1 (0.0%) | Time: 228.09s | Rate: 0.00/s
contacts: 222001  | Time: 226.96s | Rate: 978.14/s

-------------------------------- Extract frappe --------------------------------
Resources: 0/1 (0.0%) | Time: 229.82s | Rate: 0.00/s
contacts: 224001  | Time: 228.69s | Rate: 979.49/s

-------------------------------- Extract frappe --------------------------------
Resources: 0/1 (0.0%) | Time: 230.91s | Rate: 0.00/s
contacts: 225001  | Time: 229.79s | Rate: 979.17/s

-------------------------------- Extract frappe --------------------------------
Resources: 0/1 (0.0%) | Time: 232.62s | Rate: 0.00/s
contacts: 227001  | Time: 231.49s | Rate: 980.59/s

-------------------------------- Extract frappe --------------------------------
Resources: 0/1 (0.0%) | Time: 234.42s | Rate: 0.00/s
contacts: 229001  | Time: 233.30s | Rate: 981.58/s

-------------------------------- Extract frappe --------------------------------
Resources: 0/1 (0.0%) | Time: 235.88s | Rate: 0.00/s
contacts: 230001  | Time: 234.76s | Rate: 979.74/s

-------------------------------- Extract frappe --------------------------------
Resources: 0/1 (0.0%) | Time: 236.92s | Rate: 0.00/s
contacts: 231001  | Time: 235.80s | Rate: 979.66/s

-------------------------------- Extract frappe --------------------------------
Resources: 0/1 (0.0%) | Time: 237.93s | Rate: 0.00/s
contacts: 232001  | Time: 236.80s | Rate: 979.72/s

-------------------------------- Extract frappe --------------------------------
Resources: 0/1 (0.0%) | Time: 239.07s | Rate: 0.00/s
contacts: 233001  | Time: 237.95s | Rate: 979.21/s

-------------------------------- Extract frappe --------------------------------
Resources: 0/1 (0.0%) | Time: 240.07s | Rate: 0.00/s
contacts: 234829  | Time: 238.95s | Rate: 982.77/s

-------------------------------- Extract frappe --------------------------------
Resources: 0/1 (0.0%) | Time: 241.20s | Rate: 0.00/s
contacts: 235001  | Time: 240.08s | Rate: 978.86/s

-------------------------------- Extract frappe --------------------------------
Resources: 0/1 (0.0%) | Time: 242.25s | Rate: 0.00/s
contacts: 236001  | Time: 241.12s | Rate: 978.76/s

-------------------------------- Extract frappe --------------------------------
Resources: 0/1 (0.0%) | Time: 243.25s | Rate: 0.00/s
contacts: 237145  | Time: 242.12s | Rate: 979.44/s

-------------------------------- Extract frappe --------------------------------
Resources: 0/1 (0.0%) | Time: 244.25s | Rate: 0.00/s
contacts: 238001  | Time: 243.13s | Rate: 978.91/s

-------------------------------- Extract frappe --------------------------------
Resources: 0/1 (0.0%) | Time: 245.38s | Rate: 0.00/s
contacts: 240000  | Time: 244.26s | Rate: 982.57/s

-------------------------------- Extract frappe --------------------------------
Resources: 0/1 (0.0%) | Time: 247.18s | Rate: 0.00/s
contacts: 241001  | Time: 246.05s | Rate: 979.47/s

-------------------------------- Extract frappe --------------------------------
Resources: 0/1 (0.0%) | Time: 248.96s | Rate: 0.00/s
contacts: 243001  | Time: 247.84s | Rate: 980.48/s

-------------------------------- Extract frappe --------------------------------
Resources: 0/1 (0.0%) | Time: 250.01s | Rate: 0.00/s
contacts: 245000  | Time: 248.89s | Rate: 984.39/s

-------------------------------- Extract frappe --------------------------------
Resources: 0/1 (0.0%) | Time: 251.89s | Rate: 0.00/s
contacts: 246001  | Time: 250.77s | Rate: 981.00/s

-------------------------------- Extract frappe --------------------------------
Resources: 0/1 (0.0%) | Time: 253.71s | Rate: 0.00/s
contacts: 248001  | Time: 252.58s | Rate: 981.86/s

-------------------------------- Extract frappe --------------------------------
Resources: 0/1 (0.0%) | Time: 254.83s | Rate: 0.00/s
contacts: 250000  | Time: 253.70s | Rate: 985.41/s

-------------------------------- Extract frappe --------------------------------
Resources: 0/1 (0.0%) | Time: 256.60s | Rate: 0.00/s
contacts: 251001  | Time: 255.48s | Rate: 982.47/s

-------------------------------- Extract frappe --------------------------------
Resources: 0/1 (0.0%) | Time: 258.15s | Rate: 0.00/s
contacts: 253001  | Time: 257.03s | Rate: 984.33/s

-------------------------------- Extract frappe --------------------------------
Resources: 0/1 (0.0%) | Time: 259.18s | Rate: 0.00/s
contacts: 255000  | Time: 258.05s | Rate: 988.17/s

-------------------------------- Extract frappe --------------------------------
Resources: 0/1 (0.0%) | Time: 260.96s | Rate: 0.00/s
contacts: 256001  | Time: 259.83s | Rate: 985.26/s

-------------------------------- Extract frappe --------------------------------
Resources: 0/1 (0.0%) | Time: 262.60s | Rate: 0.00/s
contacts: 258001  | Time: 261.47s | Rate: 986.72/s

-------------------------------- Extract frappe --------------------------------
Resources: 0/1 (0.0%) | Time: 263.69s | Rate: 0.00/s
contacts: 260000  | Time: 262.56s | Rate: 990.24/s

-------------------------------- Extract frappe --------------------------------
Resources: 0/1 (0.0%) | Time: 265.16s | Rate: 0.00/s
contacts: 261001  | Time: 264.04s | Rate: 988.50/s

-------------------------------- Extract frappe --------------------------------
Resources: 0/1 (0.0%) | Time: 266.62s | Rate: 0.00/s
contacts: 263001  | Time: 265.50s | Rate: 990.59/s

-------------------------------- Extract frappe --------------------------------
Resources: 0/1 (0.0%) | Time: 268.13s | Rate: 0.00/s
contacts: 265001  | Time: 267.00s | Rate: 992.50/s

-------------------------------- Extract frappe --------------------------------
Resources: 1/1 (100.0%) | Time: 268.83s | Rate: 0.00/s
contacts: 266373  | Time: 267.71s | Rate: 995.01/s

-------------------------------- Extract frappe --------------------------------
Resources: 0/1 (0.0%) | Time: 0.00s | Rate: 0.00/s

-------------------------------- Extract frappe --------------------------------
Resources: 0/1 (0.0%) | Time: 0.00s | Rate: 0.00/s
_dlt_pipeline_state: 1  | Time: 0.00s | Rate: 466033.78/s

-------------------------------- Extract frappe --------------------------------
Resources: 1/1 (100.0%) | Time: 0.02s | Rate: 64.89/s
_dlt_pipeline_state: 1  | Time: 0.01s | Rate: 72.25/s

-------------------- Normalize frappe in 1778043461.8547719 --------------------
Files: 0/2 (0.0%) | Time: 0.00s | Rate: 0.00/s

-------------------- Normalize frappe in 1778043461.8547719 --------------------
Files: 0/2 (0.0%) | Time: 0.01s | Rate: 0.00/s
_dlt_pipeline_state: 0  | Time: 0.00s | Rate: 0.00/s

-------------------- Normalize frappe in 1778043461.8547719 --------------------
Files: 1/2 (50.0%) | Time: 0.01s | Rate: 104.99/s
_dlt_pipeline_state: 1  | Time: 0.00s | Rate: 336.14/s
contacts: 0  | Time: 0.00s | Rate: 0.00/s

-------------------- Normalize frappe in 1778043461.8547719 --------------------
Files: 1/2 (50.0%) | Time: 1.15s | Rate: 0.87/s
_dlt_pipeline_state: 1  | Time: 1.14s | Rate: 0.87/s
contacts: 5000  | Time: 1.14s | Rate: 4383.03/s

-------------------- Normalize frappe in 1778043461.8547719 --------------------
Files: 1/2 (50.0%) | Time: 2.29s | Rate: 0.44/s
_dlt_pipeline_state: 1  | Time: 2.28s | Rate: 0.44/s
contacts: 10000  | Time: 2.28s | Rate: 4389.91/s

-------------------- Normalize frappe in 1778043461.8547719 --------------------
Files: 1/2 (50.0%) | Time: 4.23s | Rate: 0.24/s
_dlt_pipeline_state: 1  | Time: 4.23s | Rate: 0.24/s
contacts: 20000  | Time: 4.23s | Rate: 4733.42/s

-------------------- Normalize frappe in 1778043461.8547719 --------------------
Files: 1/2 (50.0%) | Time: 5.43s | Rate: 0.18/s
_dlt_pipeline_state: 1  | Time: 5.43s | Rate: 0.18/s
contacts: 25000  | Time: 5.42s | Rate: 4610.43/s

-------------------- Normalize frappe in 1778043461.8547719 --------------------
Files: 1/2 (50.0%) | Time: 7.68s | Rate: 0.13/s
_dlt_pipeline_state: 1  | Time: 7.68s | Rate: 0.13/s
contacts: 35000  | Time: 7.67s | Rate: 4560.72/s

-------------------- Normalize frappe in 1778043461.8547719 --------------------
Files: 1/2 (50.0%) | Time: 8.96s | Rate: 0.11/s
_dlt_pipeline_state: 1  | Time: 8.95s | Rate: 0.11/s
contacts: 40000  | Time: 8.95s | Rate: 4470.38/s

-------------------- Normalize frappe in 1778043461.8547719 --------------------
Files: 1/2 (50.0%) | Time: 10.20s | Rate: 0.10/s
_dlt_pipeline_state: 1  | Time: 10.19s | Rate: 0.10/s
contacts: 45000  | Time: 10.19s | Rate: 4416.94/s

-------------------- Normalize frappe in 1778043461.8547719 --------------------
Files: 1/2 (50.0%) | Time: 11.38s | Rate: 0.09/s
_dlt_pipeline_state: 1  | Time: 11.37s | Rate: 0.09/s
contacts: 50000  | Time: 11.37s | Rate: 4398.35/s

-------------------- Normalize frappe in 1778043461.8547719 --------------------
Files: 1/2 (50.0%) | Time: 12.61s | Rate: 0.08/s
_dlt_pipeline_state: 1  | Time: 12.60s | Rate: 0.08/s
contacts: 55000  | Time: 12.60s | Rate: 4366.41/s

-------------------- Normalize frappe in 1778043461.8547719 --------------------
Files: 1/2 (50.0%) | Time: 13.70s | Rate: 0.07/s
_dlt_pipeline_state: 1  | Time: 13.69s | Rate: 0.07/s
contacts: 60000  | Time: 13.69s | Rate: 4383.00/s

-------------------- Normalize frappe in 1778043461.8547719 --------------------
Files: 1/2 (50.0%) | Time: 14.82s | Rate: 0.07/s
_dlt_pipeline_state: 1  | Time: 14.82s | Rate: 0.07/s
contacts: 65000  | Time: 14.81s | Rate: 4387.48/s

-------------------- Normalize frappe in 1778043461.8547719 --------------------
Files: 1/2 (50.0%) | Time: 16.14s | Rate: 0.06/s
_dlt_pipeline_state: 1  | Time: 16.13s | Rate: 0.06/s
contacts: 70000  | Time: 16.13s | Rate: 4340.76/s

-------------------- Normalize frappe in 1778043461.8547719 --------------------
Files: 1/2 (50.0%) | Time: 17.28s | Rate: 0.06/s
_dlt_pipeline_state: 1  | Time: 17.27s | Rate: 0.06/s
contacts: 75000  | Time: 17.27s | Rate: 4342.47/s

-------------------- Normalize frappe in 1778043461.8547719 --------------------
Files: 1/2 (50.0%) | Time: 18.48s | Rate: 0.05/s
_dlt_pipeline_state: 1  | Time: 18.47s | Rate: 0.05/s
contacts: 80000  | Time: 18.47s | Rate: 4330.99/s

-------------------- Normalize frappe in 1778043461.8547719 --------------------
Files: 1/2 (50.0%) | Time: 19.57s | Rate: 0.05/s
_dlt_pipeline_state: 1  | Time: 19.57s | Rate: 0.05/s
contacts: 85000  | Time: 19.56s | Rate: 4344.53/s

-------------------- Normalize frappe in 1778043461.8547719 --------------------
Files: 1/2 (50.0%) | Time: 20.67s | Rate: 0.05/s
_dlt_pipeline_state: 1  | Time: 20.66s | Rate: 0.05/s
contacts: 90000  | Time: 20.66s | Rate: 4356.29/s

-------------------- Normalize frappe in 1778043461.8547719 --------------------
Files: 1/2 (50.0%) | Time: 21.79s | Rate: 0.05/s
_dlt_pipeline_state: 1  | Time: 21.79s | Rate: 0.05/s
contacts: 95000  | Time: 21.78s | Rate: 4361.08/s

-------------------- Normalize frappe in 1778043461.8547719 --------------------
Files: 1/2 (50.0%) | Time: 22.96s | Rate: 0.04/s
_dlt_pipeline_state: 1  | Time: 22.96s | Rate: 0.04/s
contacts: 100000  | Time: 22.95s | Rate: 4356.49/s

-------------------- Normalize frappe in 1778043461.8547719 --------------------
Files: 1/2 (50.0%) | Time: 24.07s | Rate: 0.04/s
_dlt_pipeline_state: 1  | Time: 24.06s | Rate: 0.04/s
contacts: 105000  | Time: 24.06s | Rate: 4364.78/s

-------------------- Normalize frappe in 1778043461.8547719 --------------------
Files: 1/2 (50.0%) | Time: 25.26s | Rate: 0.04/s
_dlt_pipeline_state: 1  | Time: 25.25s | Rate: 0.04/s
contacts: 110000  | Time: 25.25s | Rate: 4357.09/s

-------------------- Normalize frappe in 1778043461.8547719 --------------------
Files: 1/2 (50.0%) | Time: 26.56s | Rate: 0.04/s
_dlt_pipeline_state: 1  | Time: 26.55s | Rate: 0.04/s
contacts: 115000  | Time: 26.55s | Rate: 4331.96/s

-------------------- Normalize frappe in 1778043461.8547719 --------------------
Files: 1/2 (50.0%) | Time: 27.72s | Rate: 0.04/s
_dlt_pipeline_state: 1  | Time: 27.71s | Rate: 0.04/s
contacts: 120000  | Time: 27.71s | Rate: 4330.81/s

-------------------- Normalize frappe in 1778043461.8547719 --------------------
Files: 1/2 (50.0%) | Time: 28.81s | Rate: 0.03/s
_dlt_pipeline_state: 1  | Time: 28.80s | Rate: 0.03/s
contacts: 125000  | Time: 28.80s | Rate: 4340.60/s

-------------------- Normalize frappe in 1778043461.8547719 --------------------
Files: 1/2 (50.0%) | Time: 30.57s | Rate: 0.03/s
_dlt_pipeline_state: 1  | Time: 30.56s | Rate: 0.03/s
contacts: 135000  | Time: 30.56s | Rate: 4417.93/s

-------------------- Normalize frappe in 1778043461.8547719 --------------------
Files: 1/2 (50.0%) | Time: 32.50s | Rate: 0.03/s
_dlt_pipeline_state: 1  | Time: 32.49s | Rate: 0.03/s
contacts: 145000  | Time: 32.49s | Rate: 4463.22/s

-------------------- Normalize frappe in 1778043461.8547719 --------------------
Files: 1/2 (50.0%) | Time: 34.38s | Rate: 0.03/s
_dlt_pipeline_state: 1  | Time: 34.37s | Rate: 0.03/s
contacts: 155000  | Time: 34.37s | Rate: 4509.60/s

-------------------- Normalize frappe in 1778043461.8547719 --------------------
Files: 1/2 (50.0%) | Time: 36.41s | Rate: 0.03/s
_dlt_pipeline_state: 1  | Time: 36.40s | Rate: 0.03/s
contacts: 165000  | Time: 36.40s | Rate: 4532.95/s

-------------------- Normalize frappe in 1778043461.8547719 --------------------
Files: 1/2 (50.0%) | Time: 38.32s | Rate: 0.03/s
_dlt_pipeline_state: 1  | Time: 38.31s | Rate: 0.03/s
contacts: 175000  | Time: 38.31s | Rate: 4568.29/s

-------------------- Normalize frappe in 1778043461.8547719 --------------------
Files: 1/2 (50.0%) | Time: 40.22s | Rate: 0.02/s
_dlt_pipeline_state: 1  | Time: 40.22s | Rate: 0.02/s
contacts: 185000  | Time: 40.21s | Rate: 4600.43/s

-------------------- Normalize frappe in 1778043461.8547719 --------------------
Files: 1/2 (50.0%) | Time: 42.14s | Rate: 0.02/s
_dlt_pipeline_state: 1  | Time: 42.13s | Rate: 0.02/s
contacts: 195000  | Time: 42.13s | Rate: 4628.38/s

-------------------- Normalize frappe in 1778043461.8547719 --------------------
Files: 1/2 (50.0%) | Time: 44.08s | Rate: 0.02/s
_dlt_pipeline_state: 1  | Time: 44.07s | Rate: 0.02/s
contacts: 205000  | Time: 44.07s | Rate: 4651.79/s

-------------------- Normalize frappe in 1778043461.8547719 --------------------
Files: 1/2 (50.0%) | Time: 45.92s | Rate: 0.02/s
_dlt_pipeline_state: 1  | Time: 45.92s | Rate: 0.02/s
contacts: 215000  | Time: 45.92s | Rate: 4682.55/s

-------------------- Normalize frappe in 1778043461.8547719 --------------------
Files: 1/2 (50.0%) | Time: 47.82s | Rate: 0.02/s
_dlt_pipeline_state: 1  | Time: 47.81s | Rate: 0.02/s
contacts: 225000  | Time: 47.81s | Rate: 4706.06/s

-------------------- Normalize frappe in 1778043461.8547719 --------------------
Files: 1/2 (50.0%) | Time: 49.73s | Rate: 0.02/s
_dlt_pipeline_state: 1  | Time: 49.72s | Rate: 0.02/s
contacts: 235000  | Time: 49.72s | Rate: 4726.83/s

-------------------- Normalize frappe in 1778043461.8547719 --------------------
Files: 1/2 (50.0%) | Time: 51.64s | Rate: 0.02/s
_dlt_pipeline_state: 1  | Time: 51.64s | Rate: 0.02/s
contacts: 245000  | Time: 51.64s | Rate: 4744.81/s

-------------------- Normalize frappe in 1778043461.8547719 --------------------
Files: 1/2 (50.0%) | Time: 53.49s | Rate: 0.02/s
_dlt_pipeline_state: 1  | Time: 53.48s | Rate: 0.02/s
contacts: 255000  | Time: 53.48s | Rate: 4768.24/s

-------------------- Normalize frappe in 1778043461.8547719 --------------------
Files: 1/2 (50.0%) | Time: 55.40s | Rate: 0.02/s
_dlt_pipeline_state: 1  | Time: 55.39s | Rate: 0.02/s
contacts: 265000  | Time: 55.39s | Rate: 4784.31/s

-------------------- Normalize frappe in 1778043461.8547719 --------------------
Files: 2/2 (100.0%) | Time: 55.90s | Rate: 0.04/s
_dlt_pipeline_state: 1  | Time: 55.89s | Rate: 0.02/s
contacts: 266373  | Time: 55.89s | Rate: 4766.10/s

---------------------- Load frappe in 1778043461.8547719 -----------------------
Jobs: 0/9 (0.0%) | Time: 0.00s | Rate: 0.00/s

---------------------- Load frappe in 1778043461.8547719 -----------------------
Jobs: 0/9 (0.0%) | Time: 1.78s | Rate: 0.00/s

---------------------- Load frappe in 1778043461.8547719 -----------------------
Jobs: 1/9 (11.1%) | Time: 4.75s | Rate: 0.21/s

---------------------- Load frappe in 1778043461.8547719 -----------------------
Jobs: 2/9 (22.2%) | Time: 11.78s | Rate: 0.17/s

---------------------- Load frappe in 1778043461.8547719 -----------------------
Jobs: 3/9 (33.3%) | Time: 15.25s | Rate: 0.20/s

---------------------- Load frappe in 1778043461.8547719 -----------------------
Jobs: 6/9 (66.7%) | Time: 19.88s | Rate: 0.30/s

---------------------- Load frappe in 1778043461.8547719 -----------------------
Jobs: 8/10 (80.0%) | Time: 39.29s | Rate: 0.20/s

---------------------- Load frappe in 1778043461.8547719 -----------------------
Jobs: 9/10 (90.0%) | Time: 45.08s | Rate: 0.20/s

---------------------- Load frappe in 1778043461.8547719 -----------------------
Jobs: 10/10 (100.0%) | Time: 45.37s | Rate: 0.22/s

