[32m2026-05-06 11:57:40 +0700[0m - dagster - [34mDEBUG[0m - ingestion__frappe__erpnext__contacts__job - ff9bf91c-66cb-42f0-8761-ed6cc6d19d9a - 41563 - LOGS_CAPTURED - Started capturing logs in process (pid: 41563).
[32m2026-05-06 11:57:40 +0700[0m - dagster - [34mDEBUG[0m - ingestion__frappe__erpnext__contacts__job - ff9bf91c-66cb-42f0-8761-ed6cc6d19d9a - 41563 - frappe_dlt_assets - STEP_START - Started execution of step "frappe_dlt_assets".
[32m2026-05-06 11:57:41 +0700[0m - dagster - [34mINFO[0m - ingestion__frappe__erpnext__contacts__job - ff9bf91c-66cb-42f0-8761-ed6cc6d19d9a - frappe_dlt_assets - Running Frappe resource=contacts with start_date=2024-04-20 end_date=None full_refresh=True pipeline_name=frappe_erpnext_contacts
/Users/nam/Data/Jemmia/data-platform/.venv/lib/python3.10/site-packages/dlt/pipeline/progress.py:27: UserWarning: psutil dependency is not installed and memory stats will not be available. Add psutil to your environment or pass dump_system_stats=False to disable this warning.
  return log()
2026-05-06 12:03:06,680|[WARNING]|41563|8107187264|dlt|validate.py|verify_normalized_table:113|In schema `frappe`: The following columns in table 'contacts' did not receive any data during this load and therefore could not have their types inferred:
  - _comments
  - _liked_by
  - _user_tags
  - company_name
  - custom_haravan_customer_id
  - department
  - designation
  - first_message_time
  - google_contacts
  - google_contacts_id
  - last_incoming_call_time
  - last_outgoing_call_time
  - phone_number_provided_time
  - psid
  - type

Unless type hints are provided, these columns will not be materialized in the destination.
One way to provide type hints is to use the 'columns' argument in the '@dlt.resource' decorator.  For example:

@dlt.resource(columns={'_comments': {'data_type': 'text'}})

[32m2026-05-06 12:03:52 +0700[0m - dagster - [34mDEBUG[0m - ingestion__frappe__erpnext__contacts__job - ff9bf91c-66cb-42f0-8761-ed6cc6d19d9a - 41563 - frappe_dlt_assets - STEP_OUTPUT - Yielded output "ingestion__frappe__erpnext__contacts" of type "Nothing". (Type check passed).
[32m2026-05-06 12:03:52 +0700[0m - dagster - [34mDEBUG[0m - ingestion__frappe__erpnext__contacts__job - ff9bf91c-66cb-42f0-8761-ed6cc6d19d9a - 41563 - frappe_dlt_assets - ASSET_MATERIALIZATION - Materialized value ingestion frappe erpnext contacts.
[32m2026-05-06 12:03:52 +0700[0m - dagster - [34mDEBUG[0m - ingestion__frappe__erpnext__contacts__job - ff9bf91c-66cb-42f0-8761-ed6cc6d19d9a - 41563 - frappe_dlt_assets - STEP_SUCCESS - Finished execution of step "frappe_dlt_assets" in 6m11s.
