-------------------------------- Extract frappe --------------------------------
Resources: 0/1 (0.0%) | Time: 0.00s | Rate: 0.00/s

-------------------------------- Extract frappe --------------------------------
Resources: 0/1 (0.0%) | Time: 0.32s | Rate: 0.00/s
address: 1  | Time: 0.00s | Rate: 322638.77/s

-------------------------------- Extract frappe --------------------------------
Resources: 0/1 (0.0%) | Time: 1.42s | Rate: 0.00/s
address: 6001  | Time: 1.10s | Rate: 5442.19/s

-------------------------------- Extract frappe --------------------------------
Resources: 0/1 (0.0%) | Time: 2.53s | Rate: 0.00/s
address: 12001  | Time: 2.21s | Rate: 5421.47/s

-------------------------------- Extract frappe --------------------------------
Resources: 0/1 (0.0%) | Time: 3.67s | Rate: 0.00/s
address: 18001  | Time: 3.35s | Rate: 5378.32/s

-------------------------------- Extract frappe --------------------------------
Resources: 1/1 (100.0%) | Time: 3.94s | Rate: 0.25/s
address: 19939  | Time: 3.62s | Rate: 5502.22/s

--------------------- Normalize frappe in 1778043568.92706 ---------------------
Files: 0/1 (0.0%) | Time: 0.00s | Rate: 0.00/s

--------------------- Normalize frappe in 1778043568.92706 ---------------------
Files: 0/1 (0.0%) | Time: 0.01s | Rate: 0.00/s
address: 0  | Time: 0.00s | Rate: 0.00/s

--------------------- Normalize frappe in 1778043568.92706 ---------------------
Files: 0/1 (0.0%) | Time: 1.33s | Rate: 0.00/s
address: 15000  | Time: 1.32s | Rate: 11362.95/s

--------------------- Normalize frappe in 1778043568.92706 ---------------------
Files: 1/1 (100.0%) | Time: 1.78s | Rate: 0.56/s
address: 19939  | Time: 1.77s | Rate: 11237.16/s

----------------------- Load frappe in 1778043568.92706 ------------------------
Jobs: 0/1 (0.0%) | Time: 0.00s | Rate: 0.00/s

----------------------- Load frappe in 1778043568.92706 ------------------------
Jobs: 0/2 (0.0%) | Time: 2.82s | Rate: 0.00/s

----------------------- Load frappe in 1778043568.92706 ------------------------
Jobs: 2/2 (100.0%) | Time: 3.55s | Rate: 0.56/s

