-------------------------------- Extract frappe --------------------------------
Resources: 0/1 (0.0%) | Time: 0.00s | Rate: 0.00/s

-------------------------------- Extract frappe --------------------------------
Resources: 0/1 (0.0%) | Time: 1.35s | Rate: 0.00/s
deleted_documents: 1  | Time: 0.00s | Rate: 246723.76/s

-------------------------------- Extract frappe --------------------------------
Resources: 0/1 (0.0%) | Time: 2.36s | Rate: 0.00/s
deleted_documents: 1001  | Time: 1.01s | Rate: 993.50/s

-------------------------------- Extract frappe --------------------------------
Resources: 0/1 (0.0%) | Time: 4.06s | Rate: 0.00/s
deleted_documents: 2001  | Time: 2.71s | Rate: 737.63/s

-------------------------------- Extract frappe --------------------------------
Resources: 0/1 (0.0%) | Time: 7.25s | Rate: 0.00/s
deleted_documents: 3001  | Time: 5.90s | Rate: 508.35/s

-------------------------------- Extract frappe --------------------------------
Resources: 0/1 (0.0%) | Time: 9.69s | Rate: 0.00/s
deleted_documents: 4001  | Time: 8.34s | Rate: 479.54/s

-------------------------------- Extract frappe --------------------------------
Resources: 0/1 (0.0%) | Time: 12.24s | Rate: 0.00/s
deleted_documents: 5001  | Time: 10.89s | Rate: 459.25/s

-------------------------------- Extract frappe --------------------------------
Resources: 0/1 (0.0%) | Time: 13.42s | Rate: 0.00/s
deleted_documents: 6001  | Time: 12.07s | Rate: 497.05/s

-------------------------------- Extract frappe --------------------------------
Resources: 0/1 (0.0%) | Time: 15.09s | Rate: 0.00/s
deleted_documents: 7001  | Time: 13.74s | Rate: 509.57/s

-------------------------------- Extract frappe --------------------------------
Resources: 0/1 (0.0%) | Time: 16.22s | Rate: 0.00/s
deleted_documents: 8001  | Time: 14.87s | Rate: 538.02/s

-------------------------------- Extract frappe --------------------------------
Resources: 0/1 (0.0%) | Time: 17.63s | Rate: 0.00/s
deleted_documents: 10001  | Time: 16.28s | Rate: 614.35/s

-------------------------------- Extract frappe --------------------------------
Resources: 0/1 (0.0%) | Time: 19.59s | Rate: 0.00/s
deleted_documents: 12001  | Time: 18.24s | Rate: 657.85/s

-------------------------------- Extract frappe --------------------------------
Resources: 0/1 (0.0%) | Time: 20.79s | Rate: 0.00/s
deleted_documents: 13001  | Time: 19.43s | Rate: 668.98/s

-------------------------------- Extract frappe --------------------------------
Resources: 0/1 (0.0%) | Time: 21.85s | Rate: 0.00/s
deleted_documents: 14001  | Time: 20.50s | Rate: 682.86/s

-------------------------------- Extract frappe --------------------------------
Resources: 0/1 (0.0%) | Time: 23.35s | Rate: 0.00/s
deleted_documents: 15001  | Time: 22.00s | Rate: 681.96/s

-------------------------------- Extract frappe --------------------------------
Resources: 0/1 (0.0%) | Time: 24.78s | Rate: 0.00/s
deleted_documents: 18001  | Time: 23.43s | Rate: 768.33/s

-------------------------------- Extract frappe --------------------------------
Resources: 0/1 (0.0%) | Time: 26.07s | Rate: 0.00/s
deleted_documents: 20001  | Time: 24.72s | Rate: 809.04/s

-------------------------------- Extract frappe --------------------------------
Resources: 0/1 (0.0%) | Time: 27.27s | Rate: 0.00/s
deleted_documents: 22001  | Time: 25.92s | Rate: 848.71/s

-------------------------------- Extract frappe --------------------------------
Resources: 0/1 (0.0%) | Time: 28.44s | Rate: 0.00/s
deleted_documents: 24001  | Time: 27.09s | Rate: 885.95/s

-------------------------------- Extract frappe --------------------------------
Resources: 0/1 (0.0%) | Time: 29.83s | Rate: 0.00/s
deleted_documents: 26001  | Time: 28.48s | Rate: 912.94/s

-------------------------------- Extract frappe --------------------------------
Resources: 0/1 (0.0%) | Time: 31.10s | Rate: 0.00/s
deleted_documents: 28001  | Time: 29.75s | Rate: 941.16/s

-------------------------------- Extract frappe --------------------------------
Resources: 0/1 (0.0%) | Time: 32.95s | Rate: 0.00/s
deleted_documents: 30001  | Time: 31.60s | Rate: 949.41/s

-------------------------------- Extract frappe --------------------------------
Resources: 0/1 (0.0%) | Time: 33.95s | Rate: 0.00/s
deleted_documents: 31955  | Time: 32.60s | Rate: 980.22/s

-------------------------------- Extract frappe --------------------------------
Resources: 0/1 (0.0%) | Time: 34.96s | Rate: 0.00/s
deleted_documents: 32001  | Time: 33.61s | Rate: 952.12/s

-------------------------------- Extract frappe --------------------------------
Resources: 0/1 (0.0%) | Time: 37.00s | Rate: 0.00/s
deleted_documents: 34001  | Time: 35.65s | Rate: 953.76/s

-------------------------------- Extract frappe --------------------------------
Resources: 0/1 (0.0%) | Time: 38.11s | Rate: 0.00/s
deleted_documents: 35001  | Time: 36.75s | Rate: 952.29/s

-------------------------------- Extract frappe --------------------------------
Resources: 0/1 (0.0%) | Time: 39.60s | Rate: 0.00/s
deleted_documents: 37001  | Time: 38.25s | Rate: 967.33/s

-------------------------------- Extract frappe --------------------------------
Resources: 0/1 (0.0%) | Time: 41.03s | Rate: 0.00/s
deleted_documents: 39001  | Time: 39.68s | Rate: 982.83/s

-------------------------------- Extract frappe --------------------------------
Resources: 0/1 (0.0%) | Time: 42.47s | Rate: 0.00/s
deleted_documents: 41001  | Time: 41.12s | Rate: 997.03/s

-------------------------------- Extract frappe --------------------------------
Resources: 0/1 (0.0%) | Time: 43.96s | Rate: 0.00/s
deleted_documents: 43001  | Time: 42.61s | Rate: 1009.18/s

-------------------------------- Extract frappe --------------------------------
Resources: 0/1 (0.0%) | Time: 45.05s | Rate: 0.00/s
deleted_documents: 45000  | Time: 43.70s | Rate: 1029.69/s

-------------------------------- Extract frappe --------------------------------
Resources: 1/1 (100.0%) | Time: 45.63s | Rate: 0.02/s
deleted_documents: 45603  | Time: 44.28s | Rate: 1029.82/s

-------------------------------- Extract frappe --------------------------------
Resources: 0/1 (0.0%) | Time: 0.00s | Rate: 0.00/s

-------------------------------- Extract frappe --------------------------------
Resources: 0/1 (0.0%) | Time: 0.00s | Rate: 0.00/s
_dlt_pipeline_state: 1  | Time: 0.00s | Rate: 524288.00/s

-------------------------------- Extract frappe --------------------------------
Resources: 1/1 (100.0%) | Time: 0.02s | Rate: 63.04/s
_dlt_pipeline_state: 1  | Time: 0.01s | Rate: 70.38/s

-------------------- Normalize frappe in 1778039997.114314 ---------------------
Files: 0/2 (0.0%) | Time: 0.00s | Rate: 0.00/s

-------------------- Normalize frappe in 1778039997.114314 ---------------------
Files: 0/2 (0.0%) | Time: 0.01s | Rate: 0.00/s
deleted_documents: 0  | Time: 0.00s | Rate: 0.00/s

-------------------- Normalize frappe in 1778039997.114314 ---------------------
Files: 0/2 (0.0%) | Time: 1.02s | Rate: 0.00/s
deleted_documents: 5000  | Time: 1.01s | Rate: 4930.69/s

-------------------- Normalize frappe in 1778039997.114314 ---------------------
Files: 0/2 (0.0%) | Time: 2.23s | Rate: 0.00/s
deleted_documents: 15000  | Time: 2.22s | Rate: 6744.08/s

-------------------- Normalize frappe in 1778039997.114314 ---------------------
Files: 0/2 (0.0%) | Time: 3.41s | Rate: 0.00/s
deleted_documents: 25000  | Time: 3.40s | Rate: 7352.38/s

-------------------- Normalize frappe in 1778039997.114314 ---------------------
Files: 0/2 (0.0%) | Time: 4.66s | Rate: 0.00/s
deleted_documents: 35000  | Time: 4.65s | Rate: 7526.93/s

-------------------- Normalize frappe in 1778039997.114314 ---------------------
Files: 0/2 (0.0%) | Time: 6.04s | Rate: 0.00/s
deleted_documents: 45000  | Time: 6.03s | Rate: 7463.22/s

-------------------- Normalize frappe in 1778039997.114314 ---------------------
Files: 1/2 (50.0%) | Time: 6.07s | Rate: 0.16/s
deleted_documents: 45603  | Time: 6.06s | Rate: 7519.31/s
_dlt_pipeline_state: 0  | Time: 0.00s | Rate: 0.00/s

-------------------- Normalize frappe in 1778039997.114314 ---------------------
Files: 2/2 (100.0%) | Time: 6.20s | Rate: 0.32/s
deleted_documents: 45603  | Time: 6.19s | Rate: 7365.73/s
_dlt_pipeline_state: 1  | Time: 0.13s | Rate: 7.91/s

----------------------- Load frappe in 1778039997.114314 -----------------------
Jobs: 0/3 (0.0%) | Time: 0.00s | Rate: 0.00/s

----------------------- Load frappe in 1778039997.114314 -----------------------
Jobs: 0/3 (0.0%) | Time: 1.10s | Rate: 0.00/s

----------------------- Load frappe in 1778039997.114314 -----------------------
Jobs: 1/3 (33.3%) | Time: 9.44s | Rate: 0.11/s

----------------------- Load frappe in 1778039997.114314 -----------------------
Jobs: 2/4 (50.0%) | Time: 20.51s | Rate: 0.10/s

----------------------- Load frappe in 1778039997.114314 -----------------------
Jobs: 3/4 (75.0%) | Time: 24.15s | Rate: 0.12/s

----------------------- Load frappe in 1778039997.114314 -----------------------
Jobs: 4/4 (100.0%) | Time: 24.43s | Rate: 0.16/s

