[32m2026-05-06 12:02:20 +0700[0m - dagster - [34mDEBUG[0m - ingestion__frappe__erpnext__customers__job - 9b95d7b0-466b-4c22-9b1e-52b35309bd7e - 42703 - LOGS_CAPTURED - Started capturing logs in process (pid: 42703).
[32m2026-05-06 12:02:20 +0700[0m - dagster - [34mDEBUG[0m - ingestion__frappe__erpnext__customers__job - 9b95d7b0-466b-4c22-9b1e-52b35309bd7e - 42703 - frappe_dlt_assets - STEP_START - Started execution of step "frappe_dlt_assets".
[32m2026-05-06 12:02:21 +0700[0m - dagster - [34mINFO[0m - ingestion__frappe__erpnext__customers__job - 9b95d7b0-466b-4c22-9b1e-52b35309bd7e - frappe_dlt_assets - Running Frappe resource=customers with start_date=2024-04-20 end_date=None full_refresh=True pipeline_name=frappe_erpnext_customers
/Users/nam/Data/Jemmia/data-platform/.venv/lib/python3.10/site-packages/dlt/pipeline/progress.py:27: UserWarning: psutil dependency is not installed and memory stats will not be available. Add psutil to your environment or pass dump_system_stats=False to disable this warning.
  return log()
2026-05-06 12:02:27,473|[WARNING]|42703|8107187264|dlt|validate.py|verify_normalized_table:113|In schema `frappe`: The following columns in table 'customers' did not receive any data during this load and therefore could not have their types inferred:
  - _liked_by
  - _user_tags
  - account_manager
  - account_number
  - bank_account
  - bank_account_name
  - bank_name
  - bizfly_id
  - ceo_name
  - company_name
  - customer_details
  - customer_group
  - customer_pos_id
  - customer_website
  - default_bank_account
  - default_currency
  - default_price_list
  - default_sales_partner
  - doc_image
  - first_channel
  - image
  - industry
  - loyalty_program
  - loyalty_program_tier
  - market_segment
  - no_of_employees
  - payment_terms
  - priority_bank_account
  - priority_login_date
  - prospect_name
  - rank_expired_date
  - represents_company
  - tax_category
  - tax_id
  - tax_number
  - tax_withholding_category
  - tax_withholding_group
  - territory
  - website

Unless type hints are provided, these columns will not be materialized in the destination.
One way to provide type hints is to use the 'columns' argument in the '@dlt.resource' decorator.  For example:

@dlt.resource(columns={'_liked_by': {'data_type': 'text'}})

[32m2026-05-06 12:02:38 +0700[0m - dagster - [34mDEBUG[0m - ingestion__frappe__erpnext__customers__job - 9b95d7b0-466b-4c22-9b1e-52b35309bd7e - 42703 - frappe_dlt_assets - STEP_OUTPUT - Yielded output "ingestion__frappe__erpnext__customers" of type "Nothing". (Type check passed).
[32m2026-05-06 12:02:38 +0700[0m - dagster - [34mDEBUG[0m - ingestion__frappe__erpnext__customers__job - 9b95d7b0-466b-4c22-9b1e-52b35309bd7e - 42703 - frappe_dlt_assets - ASSET_MATERIALIZATION - Materialized value ingestion frappe erpnext customers.
[32m2026-05-06 12:02:38 +0700[0m - dagster - [34mDEBUG[0m - ingestion__frappe__erpnext__customers__job - 9b95d7b0-466b-4c22-9b1e-52b35309bd7e - 42703 - frappe_dlt_assets - STEP_SUCCESS - Finished execution of step "frappe_dlt_assets" in 17.49s.
